5-6-32-33-34-35-38,0.774792572106
5-6-32-33-35-36,0.774397471355
5-6-32-34-35-38,0.774397471355
5-6-18-21-32-33-36,0.774397471355
5-6-21-24-32-34-35,0.774397471355
5-6-21-32-35-36-37,0.774397471355
5-6-18-32-36,0.774397471355
5-6-32-33-35,0.774397471355
5-6-21-32-34-35-38,0.774397471355
5-6-32,0.774397471355
5-6-18-21-32-33-38,0.774397471355
5-6-21-32-33-35-36,0.774397471355
5-6-18-21-32-36-38,0.774397471355
5-6-32-33-34-35,0.774397471355
5-6-32-33-35-36-38,0.774397471355
5-6-21-32-33-35,0.774397471355
5-6-21-24-32-34-36,0.774397471355
5-6-32-34-35-36-38,0.774397471355
5-6-18-32-33-35,0.774397471355
5-6-32-33-35-38,0.774397471355
5-6-18-21-32-33-35,0.774397471355
5-6-18-32-33-36,0.774397471355
5-6-32-35-38,0.774397471355
5-6-32-33-36-38,0.774298696168
5-6-32-34-38,0.77419992098
5-6-21-32-34-36,0.77419992098
5-6-21-32-35,0.77419992098
5-6-24-32-34-35,0.77419992098
5-6-18-21-32-35-38,0.77419992098
5-6-21-32-35-37-38,0.77419992098
5-6-18-32-35,0.77419992098
5-6-21-32-34-36-38,0.77419992098
5-6-32-37,0.77419992098
5-6-32-35,0.77419992098
5-6-21-32-34-35-36,0.77419992098
5-6-32-36-38,0.77419992098
5-6-18-32-36-38,0.77419992098
5-6-18-21-32-35,0.77419992098
5-6-18-24-32-38,0.77419992098
5-6-18-32-33-38,0.77419992098
5-6-32-35-36-38,0.77419992098
5-6-32-35-36,0.77419992098
5-6-21-32-33-36,0.77419992098
5-6-18-32-35-36,0.77419992098
5-6-32-34-37-38,0.77419992098
5-6-32-33-34-37-38,0.77419992098
5-6-18-32-33,0.77419992098
5-6-18-24-32-34-36,0.77419992098
5-6-32-38,0.77419992098
5-6-32-33-34-36-37,0.77419992098
5-6-21-32-36-38,0.77419992098
5-6-21-32-33-38,0.77419992098
5-6-32-33-34-35-36,0.77419992098
5-6-24-32-34-36,0.77419992098
5-6-32-33,0.77419992098
5-6-32-33-34-36-38,0.77419992098
5-6-18-32-34-36-38,0.77419992098
5-6-32-33-38,0.77419992098
5-6-21-32-35-38,0.77419992098
5-6-18-32,0.77419992098
5-6-32-33-36-37-38,0.77419992098
5-6-21-24-32-34-37,0.77419992098
5-6-18-32-33-35-36,0.77419992098
5-6-18-32-33-35-38,0.77419992098
5-6-21-32-35-36,0.77419992098
5-6-32-35-37-38,0.77419992098
5-6-18-32-33-36-38,0.77419992098
5-6-21-32-35-36-38,0.77419992098
5-6-21-32-36,0.77419992098
5-6-18-21-32-38,0.77419992098
5-6-32-34-35-36,0.77419992098
5-6-18-32-38,0.77419992098
5-6-21-32-33-35-38,0.774101145792
5-6-18-32-34-37-38,0.774101145792
5-6-18-32-33-34-38,0.774002370605
5-6-32-33-35-37-38,0.774002370605
5-6-18-21-32-36-37,0.774002370605
5-6-18-32-33-34,0.774002370605
5-6-32-34-35,0.774002370605
5-6-32-33-37-38,0.774002370605
5-6-24-32-34-36-38,0.774002370605
5-6-21-32-33-35-37,0.774002370605
5-6-24-32-35-36,0.774002370605
5-6-21-32-38,0.774002370605
5-6-18-32-35-36-37,0.774002370605
5-6-18-32-36-37-38,0.774002370605
5-6-24-32-34-35-38,0.774002370605
5-6-21-32-33-36-38,0.774002370605
5-6-24-32-33-36-37,0.774002370605
5-6-18-24-32-36-38,0.774002370605
5-6-21-24-32-36-38,0.774002370605
5-6-21-32-37,0.774002370605
5-6-21-24-32-38,0.774002370605
5-6-24-32-38,0.774002370605
5-6-24-32-33-36,0.774002370605
5-6-21-32-34-35,0.774002370605
5-6-18-24-32-36-37,0.774002370605
5-6-32-34,0.774002370605
5-6-18-32-35-38,0.774002370605
5-6-32-33-34-38,0.774002370605
5-6-18-32-35-36-38,0.774002370605
5-6-18-32-34-35-38,0.774002370605
5-6-32-34-36-37-38,0.774002370605
5-6-32-35-36-37,0.774002370605
5-6-18-32-36-37,0.774002370605
5-6-32-33-35-37,0.774002370605
5-6-21-32-36-37-38,0.774002370605
5-6-24-32-35-37,0.774002370605
5-6-32-35-37,0.774002370605
5-6-21-32-34,0.774002370605
5-6-18-21-32-34-37,0.774002370605
5-6-18-32-35-37,0.774002370605
5-6-32-33-34,0.774002370605
5-6-32-33-34-37,0.774002370605
5-6-32-33-35-36-37,0.774002370605
5-6-32-33-36,0.774002370605
5-6-18-32-33-35-37,0.774002370605
5-6-32-34-36-38,0.774002370605
5-6-24-32-33-35-36,0.774002370605
5-6-18-32-37,0.774002370605
5-6-21-32-36-37,0.774002370605
5-6-32-36-37-38,0.774002370605
5-6-21-32-34-35-37,0.774002370605
5-6-21-24-32-33-38,0.774002370605
5-6-18-21-32-35-36,0.774002370605
5-6-18-32-33-34-35,0.773903595417
5-6-24-32-33-34-35,0.773903595417
5-6-24-32-33-36-38,0.773903595417
5-6-18-24-32-35,0.773804820229
5-6-18-21-24-32-34,0.773804820229
5-6-18-21-32-33-37,0.773804820229
5-6-24-32-35-36-38,0.773804820229
5-6-18-21-32-33,0.773804820229
5-6-24-32-35-38,0.773804820229
5-6-18-32-35-37-38,0.773804820229
5-6-18-21-32-34-36,0.773804820229
5-6-18-32-34-35-36,0.773804820229
5-6-21-32-33-34,0.773804820229
5-6-18-21-32-34-38,0.773804820229
5-6-32-33-36-37,0.773804820229
5-6-18-32-34-35,0.773804820229
5-6-24-32-34-35-36,0.773804820229
5-6-32-35-36-37-38,0.773804820229
5-6-21-32-35-37,0.773804820229
5-6-21-24-32-34-38,0.773804820229
5-6-24-32-36-37,0.773804820229
5-6-24-32-35,0.773804820229
5-6-24-32-33-37-38,0.773804820229
5-6-21-32-34-37-38,0.773804820229
5-6-21-24-32-36,0.773804820229
5-6-21-32-33-37-38,0.773804820229
5-6-24-32-33-34-36,0.773804820229
5-6-18-32-34,0.773804820229
5-6-18-24-32-34-35,0.773804820229
5-6-21-24-32-33-37,0.773804820229
5-6-32-36-37,0.773804820229
5-6-21-32-34-36-37,0.773804820229
5-6-21-32-33-34-36,0.773804820229
5-6-21-24-32-34,0.773804820229
5-6-18-24-32-34-37,0.773804820229
5-6-21-24-32-33-36,0.773804820229
5-6-21-32-33-34-37,0.773804820229
5-6-18-32-33-34-37,0.773804820229
5-6-18-32-34-37,0.773804820229
5-6-32-36,0.773804820229
5-6-21-32-33-34-35,0.773804820229
5-6-18-21-32-34-35,0.773804820229
5-6-21-32-34-37,0.773804820229
5-6-24-32-33-37,0.773804820229
5-6-24-32-34-37-38,0.773804820229
5-6-18-21-32-37-38,0.773804820229
5-6-21-32-34-38,0.773804820229
5-6-21-32-33-37,0.773804820229
5-6-18-21-32-36,0.773804820229
5-6-18-24-32-35-36,0.773804820229
5-6-18-24-32-33-37,0.773804820229
5-6-18-32-34-38,0.773804820229
5-6-32-34-37,0.773804820229
5-6-21-32-37-38,0.773804820229
5-6-24-32-33-34-37,0.773804820229
5-6-18-24-32-35-37,0.773804820229
5-6-18-32-34-36-37,0.773706045041
5-6-24-32-36-37-38,0.773607269854
5-6-24-32-36,0.773607269854
5-6-18-24-32-36,0.773607269854
5-6-21-32-33-34-38,0.773607269854
5-6-18-32-34-36,0.773607269854
5-6-21-24-32-37,0.773607269854
5-6-18-32-33-36-37,0.773607269854
5-6-32-34-36-37,0.773607269854
5-6-32-34-36,0.773607269854
5-6-32-33-34-36,0.773607269854
5-6-21-32-33-36-37,0.773607269854
5-6-24-32-33-34-38,0.773607269854
5-6-18-21-32,0.773607269854
5-6-18-21-24-32-37,0.773607269854
5-6-24-32-34-36-37,0.773607269854
5-6-18-24-32-37,0.773607269854
5-6-18-24-32-33-36,0.773607269854
5-6-24-32-37,0.773607269854
5-6-24-32-35-37-38,0.773607269854
5-6-24-32-34-38,0.773607269854
5-6-24-32-34-35-37,0.773607269854
5-6-18-21-32-34,0.773607269854
5-6-21-32-33,0.773607269854
5-6-21-24-32-35-36,0.773607269854
5-6-24-32-35-36-37,0.773607269854
5-6-21-32,0.773607269854
5-6-21-24-32-36-37,0.773607269854
5-6-24-32-34-37,0.773607269854
5-6-32-33-34-35-37,0.773607269854
5-6-21-24-32-35-37,0.773607269854
5-6-18-21-24-32-36,0.773508494666
5-6-21-24-32-33,0.773508494666
5-6-18-24-32-34-38,0.773409719478
5-6-21-24-32-37-38,0.773409719478
5-6-18-32-33-34-36,0.773409719478
5-6-21-24-32-33-34,0.773409719478
5-6-32-37-38,0.773409719478
5-6-18-21-24-32,0.773409719478
5-6-24-32-33-35-37,0.773409719478
5-6-18-21-32-37,0.773409719478
5-6-18-21-32-33-34,0.773409719478
5-6-18-24-32-35-38,0.773409719478
5-6-24-32-36-38,0.773409719478
5-6-18-21-32-35-37,0.773409719478
5-6-18-21-24-32-35,0.773409719478
5-6-18-32-33-37-38,0.773409719478
5-6-24-32-37-38,0.773409719478
5-6-24-32,0.773409719478
5-6-18-24-32-37-38,0.773409719478
5-6-18-32-37-38,0.773409719478
5-6-32-33-37,0.773409719478
5-6-24-32-34,0.773409719478
5-6-18-32-33-37,0.773409719478
5-6-18-24-32-34,0.773409719478
5-6-21-24-32-35,0.773409719478
5-6-18-21-24-32-33,0.773409719478
5-6-18-24-32,0.773212169103
5-6-24-32-33-34,0.773212169103
5-6-32-34-35-36-37,0.773212169103
5-6-32-34-35-37,0.773212169103
5-6-21-24-32-33-35,0.773212169103
5-6-21-24-32,0.773212169103
5-6-18-24-32-33-34,0.773212169103
5-6-18-21-24-32-38,0.773014618728
5-6-24-32-33-35-38,0.773014618728
5-6-24-32-33,0.773014618728
5-6-18-32-34-35-37,0.773014618728
5-6-18-24-32-33,0.773014618728
5-6-32-34-35-37-38,0.773014618728
5-6-21-24-32-35-38,0.773014618728
5-6-18-24-32-33-38,0.773014618728
5-6-24-32-33-38,0.773014618728
5-6-18-24-32-33-35,0.772817068352
5-6-24-32-33-35,0.772817068352
5-6-24-34-35-36-37,0.771039114974
5-6-24-34-35-37,0.770841564599
5-6-21-24-34-35-37,0.770841564599
5-6-24-34-35-37-38,0.770446463848
5-6-34-35-36-37,0.770248913473
5-6-21-34-35-37,0.770248913473
5-6-34-35-36-37-38,0.770248913473
5-6-34-35-37,0.770248913473
5-6-21-34-35-36-37,0.770051363098
5-6-34-35-37-38,0.770051363098
5-6-21-34-35-37-38,0.770051363098
5-6-21-24-34-36-37,0.769853812722
5-6-24-34-36-37,0.769656262347
5-6-18-24-34-36,0.769656262347
5-6-21-34-36-37-38,0.769656262347
5-6-34-36-37-38,0.769557487159
5-6-18-21-24-34-36,0.769557487159
5-6-24-34-37,0.769458711972
5-6-21-37-38,0.769458711972
5-6-18-24-34-37-38,0.769458711972
5-6-21-24-34-36,0.769458711972
5-6-18-34-35-37-38,0.769458711972
5-6-24-34-36-37-38,0.769458711972
5-6-21-24-37-38,0.769261161596
5-6-18-34-36,0.769261161596
5-6-18-24-33-34-38,0.769261161596
5-6-21-34-37-38,0.769261161596
5-6-18-34-36-37-38,0.769261161596
5-6-21-24-37,0.769261161596
5-6-24-33-34-36-38,0.769261161596
5-6-18-34-35-36-37,0.769261161596
5-6-18-34-35-37,0.769261161596
5-6-21-34-38,0.769261161596
5-6-21-24-34-37,0.769261161596
5-6-21-33-34-36-37,0.769063611221
5-6-21-24-35-37-38,0.769063611221
5-6-24-33-34-36-37,0.769063611221
5-6-18-21-24-34,0.769063611221
5-6-18-21-34-35-37,0.769063611221
5-6-18-33-34-35-37,0.769063611221
5-6-21-33-34-36-38,0.769063611221
5-6-21-34-37,0.769063611221
5-6-18-24-34-35-37,0.769063611221
5-6-34-37,0.769063611221
5-6-37-38,0.769063611221
5-6-21-33-34-38,0.769063611221
5-6-18-24-34,0.769063611221
5-6-18-33-34-37,0.769063611221
5-6-21-34-36,0.769063611221
5-6-21-34-36-38,0.769063611221
5-6-18-21-34-36,0.768964836033
5-6-21-24-34,0.768964836033
5-6-24-33-34-38,0.768866060846
5-6-34-36-37,0.768866060846
5-6-21-24-34-36-38,0.768866060846
5-6-24-34,0.768866060846
5-6-36-37-38,0.768866060846
5-6-21-34-36-37,0.768866060846
5-6-21-34,0.768866060846
5-6-18-33-34-36,0.768866060846
5-6-24-34-36,0.768866060846
5-6-21-33-34-37,0.768866060846
5-6-18-21-34-37-38,0.768866060846
5-6-18-34-35-36,0.768866060846
5-6-33-34-36-37,0.768866060846
5-6-18-21-24-34-37,0.768866060846
5-6-18-33-34-36-37,0.768866060846
5-6-18-33-34,0.768866060846
5-6-33-34-36-37-38,0.76866851047
5-6-24-36-37-38,0.76866851047
5-6-18-34,0.76866851047
5-6-18-24-34-35-36,0.76866851047
5-6-24-33-36-37-38,0.76866851047
5-6-24-34-38,0.76866851047
5-6-21-24-33-34-38,0.76866851047
5-6-34-36-38,0.76866851047
5-6-21-24-34-38,0.76866851047
5-6-24-37-38,0.76866851047
5-6-18-21-34,0.76866851047
5-6-18-34-36-37,0.76866851047
5-6-34-37-38,0.76866851047
5-6-21-33-34-35-37,0.76866851047
5-6-34-38,0.76866851047
5-6-18-24-33-34-36,0.76866851047
5-6-33-34-36-38,0.76866851047
5-6-18-34-37-38,0.76866851047
5-6-24-34-36-38,0.76866851047
5-6-18-24-34-36-37,0.76866851047
5-6-21-24-34-37-38,0.76866851047
5-6-21-37,0.76866851047
5-6-34,0.76866851047
5-6-33-34-38,0.768470960095
5-6-24-35-36-37-38,0.768470960095
5-6-18-34-35-36-38,0.768470960095
5-6-24-34-35-36-38,0.768470960095
5-6-18-21-34-36-37,0.768470960095
5-6-18-21-33-34,0.768470960095
5-6-24-34-37-38,0.768470960095
5-6-18-21-35-37-38,0.768470960095
5-6-21-24-33-34,0.768470960095
5-6-18-24-34-37,0.768470960095
5-6-18-21-24-33-34,0.768470960095
5-6-21-24-33-34-35,0.768470960095
5-6-33-34-37,0.768470960095
5-6-18-33-35-37-38,0.768470960095
5-6-33-34-35-37,0.768470960095
5-6-18-34-37,0.768470960095
5-6-18-35-36-37-38,0.768470960095
5-6-18-24-33-34,0.768470960095
5-6-18-21-34-35-36,0.768470960095
5-6-21-36-37-38,0.768273409719
5-6-21-24-33-35-37,0.768273409719
5-6-18-24-34-35-38,0.768273409719
5-6-24-33-35-37-38,0.768273409719
5-6-18-35-37-38,0.768273409719
5-6-21-24-33-34-36,0.768273409719
5-6-21-24-36-37-38,0.768273409719
5-6-24-33-34-35,0.768273409719
5-6-18-24-35-37,0.768273409719
5-6-18-21-33-34-37,0.768273409719
5-6-24-33-34,0.768273409719
5-6-21-33-37-38,0.768273409719
5-6-35-37-38,0.768273409719
5-6-21-24-36-37,0.768273409719
5-6-18-21-24-34-38,0.768273409719
5-6-18-33-34-36-38,0.768273409719
5-6-33-34-36,0.768273409719
5-6-24-35-37-38,0.768273409719
5-6-18-24-35-36-37,0.768273409719
5-6-18-21-33-34-38,0.768273409719
5-6-21-24-34-35-36,0.768273409719
5-6-34-35-36-38,0.768273409719
5-6-24-33-34-35-38,0.768273409719
5-6-18-21-34-37,0.768273409719
5-6-18-21-33-35-37,0.768273409719
5-6-18-34-38,0.768273409719
5-6-18-34-35-38,0.768273409719
5-6-18-21-24-35-37,0.768273409719
5-6-21-34-35-36-38,0.768273409719
5-6-33-35-37-38,0.768273409719
5-6-21-34-35-38,0.768273409719
5-6-18-24-33-34-35,0.768273409719
5-6-18-21-34-35-38,0.768273409719
5-6-24-33-34-36,0.768273409719
5-6-18-24-33-34-37,0.768273409719
5-6-34-36,0.768273409719
5-6-18-21-34-38,0.768273409719
5-6-18-21-24-36-37,0.768174634532
5-6-21-33-34-37-38,0.768075859344
5-6-18-21-33-37,0.768075859344
5-6-21-33-34-35,0.768075859344
5-6-21-36-37,0.768075859344
5-6-33-34-35-36-37,0.768075859344
5-6-21-24-33-37-38,0.768075859344
5-6-33-34,0.768075859344
5-6-21-35-37-38,0.768075859344
5-6-21-24-34-35-38,0.768075859344
5-6-18-33-34-35-36,0.768075859344
5-6-18-21-33-37-38,0.768075859344
5-6-24-33-36-37,0.768075859344
5-6-24-33-34-35-36,0.768075859344
5-6-21-33-34-36,0.768075859344
5-6-18-34-36-38,0.768075859344
5-6-18-21-33-34-36,0.768075859344
5-6-24-33-34-35-37,0.768075859344
5-6-33-34-35,0.768075859344
5-6-21-35-36-37-38,0.767878308969
5-6-18-24-36-37,0.767878308969
5-6-18-21-33-34-35,0.767878308969
5-6-18-33-34-38,0.767878308969
5-6-24-33-34-37,0.767878308969
5-6-21-24-35-36-37,0.767878308969
5-6-18-24-34-38,0.767878308969
5-6-34-35-36,0.767878308969
5-6-18-24-35-37-38,0.767878308969
5-6-18-24-36-37-38,0.767878308969
5-6-18-21-36-37-38,0.767878308969
5-6-18-33-34-35-38,0.767878308969
5-6-24-33-37-38,0.767878308969
5-6-18-33-34-37-38,0.767878308969
5-6-18-21-24-37,0.767779533781
5-6-18-33-37,0.767680758593
5-6-33-34-35-36,0.767680758593
5-6-24-34-35-38,0.767680758593
5-6-24-34-35,0.767680758593
5-6-18-24-37,0.767680758593
5-6-33-34-35-38,0.767680758593
5-6-18-33-35-37,0.767680758593
5-6-21-35-37,0.767680758593
5-6-21-24-33-36-37,0.767680758593
5-6-33-35-36-37-38,0.767680758593
5-6-21-33-36-37-38,0.767680758593
5-6-21-33-34,0.767680758593
5-6-21-34-35-36,0.767680758593
5-6-21-24-35-37,0.767680758593
5-6-21-24-34-35,0.767680758593
5-6-18-24-33-38,0.767680758593
5-6-18-24-34-35,0.767680758593
5-6-34-35-38,0.767680758593
5-6-18-24-33-36-38,0.767680758593
5-6-18-21-34-36-38,0.767680758593
5-6-18-24-35-36-38,0.767680758593
5-6-33-34-35-37-38,0.767680758593
5-6-18-21-35-36-37,0.767680758593
5-6-18-21-24-34-35,0.767680758593
5-6-18-21-33-36-37,0.767680758593
5-6-24-34-35-36,0.767483208218
5-6-21-33-34-35-38,0.767483208218
5-6-18-21-24-35-36,0.767483208218
5-6-24-33-34-37-38,0.767483208218
5-6-18-21-36-37,0.767483208218
5-6-18-21-35-36-38,0.767483208218
5-6-21-33-35-37-38,0.767483208218
5-6-18-35-36-38,0.767483208218
5-6-18-21-24-37-38,0.767483208218
5-6-21-35-36-37,0.767483208218
5-6-18-35-37,0.767483208218
5-6-18-21-34-35,0.767483208218
5-6-18-34-35,0.767483208218
5-6-18-21-35-37,0.767483208218
5-6-18-33-36-37-38,0.767483208218
5-6-18-36-37-38,0.767483208218
5-6-21-33-35-37,0.76738443303
5-6-33-34-37-38,0.767285657843
5-6-35-36-37-38,0.767285657843
5-6-18-24-37-38,0.767285657843
5-6-24-35-36-37,0.767285657843
5-6-33-36-38,0.767285657843
5-6-33-38,0.767285657843
5-6-18-21-37,0.767285657843
5-6-34-35,0.767285657843
5-6-21-24-33-34-37,0.767285657843
5-6-24-36-37,0.767285657843
5-6-24-35-37,0.767285657843
5-6-18-24-35-36,0.767285657843
5-6-18-21-35-38,0.767285657843
5-6-18-21-37-38,0.767285657843
5-6-21-33-34-35-36,0.767285657843
5-6-18-35-36-37,0.767088107467
5-6-18-37-38,0.767088107467
5-6-18-21-35-36,0.767088107467
5-6-24-37,0.767088107467
5-6-18-37,0.767088107467
5-6-18-24-34-36-38,0.767088107467
5-6-18-21-24-33-38,0.767088107467
5-6-37,0.767088107467
5-6-18-33-36-37,0.767088107467
5-6-21-33-37,0.767088107467
5-6-18-21-36-38,0.767088107467
5-6-21-34-35,0.767088107467
5-6-18-33-35-36-37,0.767088107467
5-6-18-33-34-35,0.767088107467
5-6-21-33-36-38,0.767088107467
5-6-18-24-33-37-38,0.767088107467
5-6-18-21-24-36-38,0.767088107467
5-6-18-36-37,0.767088107467
5-6-18-38,0.767088107467
5-6-18-24-33-35-38,0.767088107467
5-6-33-34-35-36-38,0.767088107467
5-6-33-35-37,0.766890557092
5-6-35-36-37,0.766890557092
5-6-18-33-36-38,0.766890557092
5-6-21-33-38,0.766890557092
5-6-24-33-35-36-37,0.766890557092
5-6-21-24-33-37,0.766890557092
5-6-24-33-35-37,0.766890557092
5-6-18-21-24-35-38,0.766890557092
5-6-18-35-36,0.766890557092
5-6-18-24-33-37,0.766890557092
5-6-36-37,0.766890557092
5-6-21-33-35-36-37,0.766890557092
5-6-18-33-38,0.766890557092
5-6-33-36-37-38,0.766890557092
5-6-18-21-33-38,0.766890557092
5-6-18-21-33-36-38,0.766890557092
5-6-18-24-35,0.766890557092
5-6-18-35-38,0.766890557092
5-6-18-24-33-35-37,0.766890557092
5-6-18-33-37-38,0.766890557092
5-6-18-35,0.766890557092
5-6-24-33-37,0.766890557092
5-6-18-21-38,0.766890557092
5-6-18-24-35-38,0.766890557092
5-6-18-21-24-35,0.766890557092
5-6-18-36-38,0.766890557092
5-6-21-36-38,0.766693006717
5-6-21-24-35-36,0.766693006717
5-6-35-36,0.766693006717
5-6-36-38,0.766693006717
5-6-21-33-36-37,0.766693006717
5-6-18-21-24-33-37,0.766693006717
5-6-33-37-38,0.766693006717
5-6-24-35-36,0.766693006717
5-6-35-37,0.766693006717
5-6-21-24-36-38,0.766693006717
5-6-33-35-36-37,0.766495456341
5-6-18-24-36-38,0.766495456341
5-6-21-24-33-38,0.766495456341
5-6-21-24-33-36-38,0.766495456341
5-6-18-21-35,0.766396681154
5-6-18-21-36,0.766297905966
5-6-21-24-36,0.766297905966
5-6-18-21-24-38,0.766297905966
5-6-24-33-35-38,0.766297905966
5-6-18-24-33-36-37,0.766297905966
5-6-24-33-35-36-38,0.766297905966
5-6-24-33-38,0.766297905966
5-6-21-35-36,0.766297905966
5-6-21-24-35-36-38,0.766297905966
5-6-18-21-33-35-38,0.766100355591
5-6-18-21-24,0.766100355591
5-6-21-35-36-38,0.766100355591
5-6-24-33-36-38,0.766100355591
5-6-18-24-38,0.766100355591
5-6-18-21-24-36,0.766100355591
5-6-18,0.766100355591
5-6-18-36,0.766100355591
5-6-18-33-35-36-38,0.766100355591
5-6-18-24-36,0.766100355591
5-6-21,0.766100355591
5-6-18-33-35-38,0.766100355591
5-6-21-24,0.766100355591
5-6-18-21,0.766100355591
5-6-24-35-36-38,0.766100355591
5-6-21-24-33-35,0.765902805215
5-6-21-38,0.765902805215
5-6-24-36-38,0.765902805215
5-6-18-24-33-35-36,0.765902805215
5-6-35-36-38,0.765902805215
5-6-24-36,0.765902805215
5-6-21-35-38,0.765902805215
5-6-36,0.765902805215
5-6-24-33-35,0.765902805215
5-6-24-33-35-36,0.765902805215
5-6-18-24,0.765902805215
5-6-18-24-33,0.765902805215
5-6-18-24-33-36,0.765902805215
5-6-24-35,0.765902805215
5-6-21-24-35-38,0.765902805215
5-6-21-33-35-38,0.76570525484
5-6-24,0.76570525484
5-6-24-35-38,0.76570525484
5-6-18-21-24-33-36,0.76570525484
5-6-24-33,0.76570525484
5-6-33-36-37,0.76570525484
5-6-24-33-36,0.76570525484
5-6-21-33-35-36-38,0.76570525484
5-6-21-24-38,0.76570525484
5-6-21-24-33-35-36,0.76570525484
5-6-33-35,0.76570525484
5-6-35-38,0.76570525484
5-6-21-24-33-36,0.76570525484
5-6-18-21-24-33,0.76570525484
5-6-21-36,0.76570525484
5-6-21-35,0.76570525484
5-6-33-35-36-38,0.76570525484
5-6-35,0.76570525484
5-6-18-21-33-35,0.76570525484
5-6,0.76570525484
5-6-21-33-36,0.76570525484
5-6-18-21-33-35-36,0.765606479652
5-6-21-24-33,0.765507704465
5-6-21-24-35,0.765507704465
5-6-18-33-35,0.765507704465
5-6-18-33,0.765507704465
5-6-18-33-36,0.765507704465
5-6-21-24-33-35-38,0.765507704465
5-6-21-33,0.765310154089
5-6-33-35-38,0.765310154089
5-6-33-37,0.765310154089
5-6-18-21-24-33-35,0.765310154089
5-6-21-33-35,0.765310154089
5-6-21-33-35-36,0.765310154089
5-6-33-36,0.765310154089
5-6-24-38,0.765112603714
5-6-18-33-35-36,0.765112603714
5-6-38,0.765112603714
5-6-33,0.765112603714
5-6-18-24-33-35,0.765112603714
5-6-33-35-36,0.764915053339
5-6-18-21-33,0.764717502963
5-6-18-21-33-36,0.764519952588
6-18-21-33-34-35-36,0.76313709996
6-21-33-34-35-36,0.76313709996
6-21-24-33-34-35-36,0.762939549585
6-18-21-34-35-37-38,0.76274199921
6-18-21-33-34-36,0.76274199921
6-18-21-24-33-34-36,0.76274199921
6-18-21-33-36,0.762544448834
6-18-21-34-37-38,0.762544448834
6-18-33-34,0.762544448834
6-18-21-34-35-37,0.762544448834
6-18-21-24-33-36,0.762544448834
6-33-34,0.762544448834
6-18-21-33-34-36-38,0.762544448834
6-21-33-34-36-37-38,0.762544448834
6-21-34-35-37-38,0.762544448834
6-18-21-24-34-37-38,0.762544448834
6-18-21-32-34-35-36,0.762544448834
6-21-33-34-36,0.762346898459
6-18-34-35,0.762346898459
6-18-24-34-35-36,0.762346898459
6-34-35-36,0.762346898459
6-18-21-24-33-34-35,0.762346898459
6-18-21-35-37,0.762346898459
6-24-33-34-35-36,0.762346898459
6-24-34-35-36,0.762346898459
6-18-34-35-36,0.762346898459
6-18-24-34-35,0.762346898459
6-18-24-33-34,0.762346898459
6-18-34-37-38,0.762346898459
6-18-21-33-34-35,0.762346898459
6-33-34-35-36,0.762346898459
6-18-21-24-34-35-37,0.762346898459
6-18-21-34-36-37-38,0.762149348084
6-18-24-34-37-38,0.762149348084
6-21-24-33-34-36,0.762149348084
6-18-21-33-34-37-38,0.762149348084
6-21-24-34-35-36,0.762149348084
6-21-34-35-36-38,0.762149348084
6-24-33-34,0.762149348084
6-18-21-24-34-35-38,0.762149348084
6-18-21-24-34-35-36,0.762149348084
6-21-34-35-36-37-38,0.762149348084
6-18-21-32-34-35-37,0.762149348084
6-21-24-32-34-35-36,0.762149348084
6-21-24-33-34-35,0.762149348084
6-18-21-34-35-36,0.762149348084
6-21-34-35-36,0.762149348084
6-21-34-35-37,0.762149348084
6-21-35-37,0.762149348084
6-21-34-36-37-38,0.761951797708
6-21-33-36,0.761951797708
6-18-24-34,0.761951797708
6-21-24-34-35-36-38,0.761951797708
6-18-21-33-34-35-37,0.761951797708
6-21-33-34-35,0.761951797708
6-24-34-36,0.761951797708
6-21-24-33-36,0.761951797708
6-18-24-33-34-36,0.761951797708
6-21-24-33-34,0.761951797708
6-18-24-34-36,0.761951797708
6-21-35-36-37,0.761951797708
6-18-21-24-34-38,0.761951797708
6-18-33-34-36-37-38,0.761951797708
6-18-21-24-35-37,0.761951797708
6-34-36,0.761951797708
6-18-21-35-36-37,0.761951797708
6-18-21-33-34-36-37,0.761951797708
6-21-32-34-35-36-38,0.761951797708
6-18-21-34-35-36-38,0.761951797708
6-18-21-34-38,0.761951797708
6-18-21-24-35-36-37,0.761951797708
6-18-33-34-35-36,0.761951797708
6-18-21-36-37,0.761754247333
6-18-21-34-36-37,0.761754247333
6-18-34-37,0.761754247333
6-18-24-34-36-37-38,0.761754247333
6-33-34-36-37,0.761754247333
6-18-32-34-35-36,0.761754247333
6-18-34-35-37,0.761754247333
6-21-34-36,0.761754247333
6-21-24-33-34-36-37,0.761754247333
6-18-24-34-35-37-38,0.761754247333
6-21-36-37,0.761754247333
6-21-35-38,0.761754247333
6-18-21-35-38,0.761754247333
6-18-34-36-37-38,0.761754247333
6-18-24-33-34-36-37,0.761754247333
6-21-33-34-35-36-38,0.761754247333
6-18-33-34-36-37,0.761754247333
6-18-24-33-34-35-36,0.761754247333
6-21-33-35-36-38,0.761754247333
6-18-21-34-36-38,0.761754247333
6-18-21-34-35-36-37,0.761754247333
6-18-21-33-34-38,0.761754247333
6-18-33-34-36,0.761754247333
6-21-24-34-35-37,0.761754247333
6-18-21-34-37,0.761754247333
6-21-24-35-36-37,0.761754247333
6-18-34-36,0.761754247333
6-21-33-34-35-37-38,0.761754247333
6-24-33-34-36-37,0.761754247333
6-21-24-34-35-37-38,0.761754247333
6-18-21-33-35-36-38,0.761754247333
6-21-33-34-36-37,0.761754247333
6-18-24-32-34-35-36,0.761556696958
6-18-21-35-36,0.761556696958
6-18-36,0.761556696958
6-33-37,0.761556696958
6-36,0.761556696958
6-18-24-34-35-36-38,0.761556696958
6-21-33-36-38,0.761556696958
6-21-24-34-35-38,0.761556696958
6-18-21-24-33-36-38,0.761556696958
6-18-21-24-35-38,0.761556696958
6-21-24-35-38,0.761556696958
6-18-21-37-38,0.761556696958
6-33-34-36-37-38,0.761556696958
6-18-21-33-35-36,0.761556696958
6-21-24-35-37,0.761556696958
6-18-21-24-35-36,0.761556696958
6-33-36,0.761556696958
6-18-33-34-37,0.761556696958
6-18-35-36,0.761556696958
6-18-33-36,0.761556696958
6-21-34-36-37,0.761556696958
6-21-33-34-35-37,0.761556696958
6-21-34-37-38,0.761556696958
6-24-35-36,0.761556696958
6-18-21-36,0.761556696958
6-24-33-37,0.761556696958
6-18-24-33-34-37-38,0.761556696958
6-18-21-24-33-34-37,0.761556696958
6-18-21-34-35,0.761556696958
6-21-34-35-38,0.761556696958
6-18-24-33-34-36-38,0.761556696958
6-18-24-33-36,0.761556696958
6-18-24-35-36,0.761556696958
6-21-33-34,0.761556696958
6-18-34-35-36-37-38,0.761556696958
6-21-33-35-37,0.761556696958
6-24-34-36-37-38,0.761556696958
6-18-21-24-34-36-37,0.761556696958
6-21-24-34-36,0.761556696958
6-24-33-34-36-37-38,0.761556696958
6-21-24-33-34-36-38,0.761556696958
6-21-33-34-35-38,0.761556696958
6-24-36,0.761556696958
6-21-35-36,0.761556696958
6-24-33-36,0.761556696958
6-35-36,0.761556696958
6-18-24-36,0.761556696958
6-18-24-34-35-37,0.761556696958
6-18-21-33-35-37,0.761556696958
6-18-21-34-35-38,0.761556696958
6-21-24-34-37-38,0.761556696958
6-18-24-33-34-37,0.761556696958
6-21-24-35-36,0.761556696958
6-21-33-34-37-38,0.761556696958
6-21-24-33-35-37,0.761556696958
6-18-21-24-34-35,0.761556696958
6-18-33-34-38,0.761556696958
6-18-34-35-36-38,0.761556696958
6-21-32-34-35-36,0.761556696958
6-21-24-34-36-37-38,0.761556696958
6-18-24-34-37,0.761556696958
6-21-24-36-37,0.761556696958
6-18-21-33-34-37,0.761556696958
6-21-33-35-36,0.761556696958
6-18-35-37,0.761359146582
6-18-21-24-34-37,0.761359146582
6-18-33-37,0.761359146582
6-33-34-35-36-38,0.761359146582
6-21-24-34-36-37,0.761359146582
6-18-21-24-36,0.761359146582
6-21-34,0.761359146582
6-34-35-36-38,0.761359146582
6-18-21-24-33-35-37,0.761359146582
6-18-21-24-33-34,0.761359146582
6-24-34,0.761359146582
6-24-35-37,0.761359146582
6-18-21-33-35-38,0.761359146582
6-21-32-34-35-37-38,0.761359146582
6-18-21-37,0.761359146582
6-18-24-33-37,0.761359146582
6-18-21-33-34,0.761359146582
6-21-33-34-35-36-37,0.761359146582
6-24-34-35-36-37-38,0.761359146582
6-18-21-24-33,0.761359146582
6-34,0.761359146582
6-21-24-33-35-36,0.761359146582
6-33-34-36,0.761359146582
6-18-33-36-37,0.761359146582
6-24-33-34-36,0.761359146582
6-21-24-33-34-35-37,0.761359146582
6-18-33-34-37-38,0.761359146582
6-21-33-34-36-38,0.761359146582
6-18-34-35-37-38,0.761359146582
6-21-36,0.761359146582
6-35-37,0.761359146582
6-21-24-33-34-37-38,0.761359146582
6-18-21-24-34-36-38,0.761359146582
6-21-24-33-34-37,0.761359146582
6-32-34-35-36,0.761359146582
6-18-21-24-33-35-36,0.761359146582
6-18-34,0.761359146582
6-21-34-35-36-37,0.761359146582
6-18-24-34-36-38,0.761359146582
6-18-21-24-33-34-38,0.761359146582
6-18-21-35-36-37-38,0.761359146582
6-18-21-33-34-35-38,0.761359146582
6-24-34-35-36-38,0.761359146582
6-24-32-34-35-36,0.761359146582
6-21-35-36-37-38,0.761359146582
6-18-34-36-38,0.761359146582
6-18-24-33-36-37,0.761359146582
6-21-24-33-34-35-38,0.761359146582
6-18-33-34-36-38,0.761359146582
6-18-21-24-36-37,0.761359146582
6-21-34-36-38,0.761359146582
6-18-33-34-35-36-38,0.761161596207
6-21-24-33-36-37,0.761161596207
6-18-24-37,0.761161596207
6-18-21-34-36,0.761161596207
6-21-24-35-36-37-38,0.761161596207
6-34-35-37,0.761161596207
6-18-32-34-36-37-38,0.761161596207
6-18-33-35-37-38,0.761161596207
6-18-24-35-37-38,0.761161596207
6-18-21-24-33-36-37,0.761161596207
6-32-34-35-36-38,0.761161596207
6-24-35-36-38,0.761161596207
6-24-34-35-37,0.761161596207
6-35-36-38,0.761161596207
6-21-24-35-36-38,0.761161596207
6-21-33-35-36-37,0.761161596207
6-18-37,0.761161596207
6-18-32-33-34-36,0.761161596207
6-21-37,0.761161596207
6-18-24-33-35-37-38,0.761161596207
6-21-24-33-35-36-38,0.761161596207
6-18-32-34-35-36-38,0.761161596207
6-24-33-35-37-38,0.761161596207
6-18-21-32-33-34-38,0.761161596207
6-24-34-37-38,0.761161596207
6-21-24-33,0.761161596207
6-24-32-33-34-35-36,0.761161596207
6-21-32-34-35,0.761161596207
6-21-32-34-35-36-37,0.761161596207
6-18-24-34-35-38,0.761161596207
6-18-21-24-35-36-38,0.761161596207
6-21-33,0.761161596207
6-18-24-33-34-38,0.761161596207
6-24-33-34-35-36-38,0.761161596207
6-21-33-34-37,0.761161596207
6-18-21-24-34-36,0.761161596207
6-32-33-34-35-36-38,0.761161596207
6-18-21-35,0.761161596207
6-34-37-38,0.761161596207
6-32-33-34-35-36,0.761161596207
6-21-32-34-35-37,0.761161596207
6-24-35-37-38,0.761161596207
6-21-24-34-35-36-37,0.761161596207
6-18-21-24-33-37,0.761161596207
6-18-21-32-34-35-38,0.761161596207
6-18-24-32-33-34-37,0.761161596207
6-18-24-35-36-38,0.761161596207
6-33-34-35,0.761161596207
6-18-35-37-38,0.761161596207
6-18-35-36-38,0.761161596207
6-21-24-32-33-34-36,0.761161596207
6-35-37-38,0.761161596207
6-21-33-36-37,0.761161596207
6-33-34-36-38,0.761161596207
6-34-35-38,0.761161596207
6-21-34-38,0.761161596207
6-18-21-32-34-36-38,0.761161596207
6-18-32-33-34-37,0.761161596207
6-18-21-24-37-38,0.761161596207
6-33-34-38,0.761161596207
6-34-36-37-38,0.761161596207
6-24-34-35-38,0.761161596207
6-33-35-37-38,0.761161596207
6-18-34-36-37,0.761161596207
6-24-33-34-37,0.761161596207
6-24-32-34-35,0.761161596207
6-18-24-34-36-37,0.761161596207
6-33-34-37,0.761161596207
6-32-34-35,0.761161596207
6-21-32-33-34-36,0.761062821019
6-33-34-35-36-37-38,0.760964045832
6-18-21-33-35-36-37,0.760964045832
6-21-35,0.760964045832
6-18-33-34-35,0.760964045832
6-24-33-35,0.760964045832
6-21-24-34-38,0.760964045832
6-18-24-36-37,0.760964045832
6-18-24-33-34-35-37,0.760964045832
6-21-24,0.760964045832
6-18-24-32-34-37,0.760964045832
6-18-24-33-35-36,0.760964045832
6-18-21-24-36-37-38,0.760964045832
6-24-33-34-35,0.760964045832
6-24-33-34-36-38,0.760964045832
6-18-24-35-37,0.760964045832
6-18-21-33-37,0.760964045832
6-21-33-35-38,0.760964045832
6-21-24-36-37-38,0.760964045832
6-18-34-35-38,0.760964045832
6-18-32-33-34-35-36,0.760964045832
6-21-33-37,0.760964045832
6-18-21-24-34,0.760964045832
6-18-21-32-33-34-36,0.760964045832
6-18-33-34-35-37,0.760964045832
6-24-34-36-37,0.760964045832
6-18-24-32-33-36-37,0.760964045832
6-21-24-34-36-38,0.760964045832
6-33-35,0.760964045832
6-21-33-38,0.760964045832
6-21-35-36-38,0.760964045832
6-18-21-35-36-38,0.760964045832
6-18-33-35-36,0.760964045832
6-18-21-24-33-35-38,0.760964045832
6-18-21-24-33-35,0.760964045832
6-21-32-34,0.760964045832
6-34-35,0.760964045832
6-18-24-33-35-37,0.760964045832
6-18-21-33-35,0.760964045832
6-21-24-32-34,0.760964045832
6-18-32-34-35,0.760964045832
6-21-32-34-36-37-38,0.760964045832
6-34-35-36-37-38,0.760964045832
6-32-34-35-36-37,0.760964045832
6-21-24-32-34-35-37,0.760964045832
6-18-21-32-34-36-37,0.760964045832
6-18-33-35-36-38,0.760964045832
6-18-21-32-34-35,0.760964045832
6-21-24-33-37,0.760964045832
6-24,0.760964045832
6-24-33-35-36-38,0.760964045832
6-21-24-35,0.760964045832
6-18-21-33-38,0.760964045832
6-18-32-34-35-36-37,0.760964045832
6-21-24-36,0.760964045832
6-18-36-37,0.760964045832
6-34-36-37,0.760964045832
6-18-24-33-34-35,0.760964045832
6-21-37-38,0.760964045832
6-21-24-33-35-38,0.760964045832
6-33-35-36-38,0.760964045832
6-18-33-35-37,0.760964045832
6-24-34-38,0.760964045832
6-18-24-33-35-36-38,0.760964045832
6-21-24-37,0.760964045832
6-21-33-35,0.760964045832
6-24-32-34-35-36-37,0.760964045832
6-18-21-24-35,0.760964045832
6-18-24,0.760964045832
6-18-21-33,0.760964045832
6-24-34-35,0.760964045832
6-18-21-24-32-34-38,0.760865270644
6-24-33-34-38,0.760766495456
6-34-35-37-38,0.760766495456
6-21-33-35-37-38,0.760766495456
6-18-21-24-32-34-37,0.760766495456
6-21-36-37-38,0.760766495456
6-18-35-36-37,0.760766495456
6-34-36-38,0.760766495456
6-18-24-35-36-37,0.760766495456
6-21-24-32-34-35-38,0.760766495456
6-24-34-35-37-38,0.760766495456
6-34-38,0.760766495456
6-18-21-32-34-36,0.760766495456
6-33-36-37,0.760766495456
6-24-33-35-36,0.760766495456
6-21-32-34-35-38,0.760766495456
6-21-24-34-35,0.760766495456
6-18-21-24,0.760766495456
6-21-32-35-38,0.760766495456
6-21-32-34-36-38,0.760766495456
6-21-34-35,0.760766495456
6-18-21-24-33-37-38,0.760766495456
6-18-21-32-34-38,0.760766495456
6-35-36-37,0.760766495456
6-24-37,0.760766495456
6-21-33-34-38,0.760766495456
6-21-24-34-37,0.760766495456
6-21-24-32-34-35,0.760766495456
6-33-35-36,0.760766495456
6-32-34-35-36-37-38,0.760766495456
6-18-24-32-34-35-37,0.760766495456
6-21-32-33-34-35-38,0.760766495456
6-18-24-33-34-35-38,0.760766495456
6-18-33-34-35-38,0.760766495456
6-21,0.760766495456
6-24-32-34-35-37,0.760766495456
6-18-24-34-35-36-37,0.760766495456
6-18-21-24-32-34-36,0.760766495456
6-18-34-35-36-37,0.760766495456
6-21-32-35-36-37-38,0.760766495456
6-21-32-33-37-38,0.760766495456
6-33-34-35-38,0.760766495456
6-21-24-33-35-37-38,0.760766495456
6-21-24-32-33-34-35,0.760766495456
6-24-35-36-37,0.760766495456
6-18-21-32-33-36-37,0.760766495456
6-18-21-24-37,0.760766495456
6-21-24-35-37-38,0.760766495456
6-24-34-36-38,0.760766495456
6-18-32-34-35-37,0.760766495456
6-21-24-33-35-36-37,0.760766495456
6-18-21,0.760766495456
6-18-21-33-35-37-38,0.760766495456
6-24-32-34-35-36-38,0.760766495456
6-24-32-33-34-35,0.760766495456
6-18-24-34-38,0.760766495456
6-32-33-34-35,0.760766495456
6-18-21-34,0.760766495456
6-21-24-33-35,0.760766495456
6,0.760766495456
6-21-32-33-34-36-37,0.760766495456
6-24-32-33-34-36,0.760766495456
6-32-34-35-37,0.760766495456
6-21-34-37,0.760766495456
6-24-33-34-35-38,0.760766495456
6-24-33-36-37,0.760766495456
6-18-21-24-32-34-35,0.760766495456
6-24-35-38,0.760568945081
6-18-24-33-36-38,0.760568945081
6-21-24-34,0.760568945081
6-21-24-33-38,0.760568945081
6-18-21-33-36-38,0.760568945081
6-18-32-36-37,0.760568945081
6-18-36-38,0.760568945081
6-21-35-37-38,0.760568945081
6-18-32-33-34-36-38,0.760568945081
6-24-34-35-36-37,0.760568945081
6-32-34-36-37,0.760568945081
6-21-24-33-37-38,0.760568945081
6-32-35,0.760568945081
6-18-32-35,0.760568945081
6-37,0.760568945081
6-18-24-32-34,0.760568945081
6-18-34-38,0.760568945081
6-33-34-35-37,0.760568945081
6-21-33-37-38,0.760568945081
6-32-33-34-36-37-38,0.760568945081
6-18-21-32-34,0.760568945081
6-35-38,0.760568945081
6-32-33-35-36-38,0.760568945081
6-21-24-33-36-37-38,0.760568945081
6-18-24-32-37,0.760568945081
6-18-21-24-33-38,0.760568945081
6-24-32-33-34-36-38,0.760568945081
6-18-33-36-38,0.760568945081
6-18-24-32-36-37,0.760568945081
6-18-21-33-37-38,0.760568945081
6-18-24-32-34-36-37,0.760568945081
6-18-24-33-35,0.760568945081
6-34-35-36-37,0.760568945081
6-18-32-33-34-37-38,0.760568945081
6-18-21-33-36-37,0.760568945081
6-32-33-34-36-38,0.760568945081
6-21-33-35-36-37-38,0.760568945081
6-18-24-36-38,0.760568945081
6-24-32-35,0.760568945081
6-18-35-38,0.760568945081
6-24-36-37,0.760568945081
6-24-33-34-35-37,0.760568945081
6-32-33-34-36-37,0.760568945081
6-21-24-33-34-38,0.760568945081
6-18,0.760568945081
6-21-32-33-34-35-36,0.760568945081
6-24-34-37,0.760568945081
6-18-32-33-34-36-37,0.760568945081
6-18-32-34-36,0.760568945081
6-18-24-32-35,0.760568945081
6-36-37,0.760568945081
6-24-33-35-37,0.760568945081
6-18-21-36-37-38,0.760568945081
6-18-32-33-34-35,0.760568945081
6-33-35-37,0.760568945081
6-18-21-32-36-37,0.760568945081
6-33-34-37-38,0.760568945081
6-24-33-34-37-38,0.760568945081
6-18-24-32-33-34-38,0.760568945081
6-21-32-33-34-36-38,0.760568945081
6-18-21-32-34-37,0.760568945081
6-32-35-36-37-38,0.760568945081
6-18-24-32-33-34-36,0.760568945081
6-18-33-35,0.760568945081
6-18-32-37,0.760568945081
6-18-21-24-35-37-38,0.760568945081
6-18-21-24-32-36-37,0.760568945081
6-18-24-35-38,0.760568945081
6-18-32-34-36-37,0.760568945081
6-24-32-34-36-37,0.760568945081
6-18-21-32-35-38,0.760568945081
6-21-32-33-34-38,0.760568945081
6-21-24-37-38,0.760568945081
6-18-33-38,0.760568945081
6-18-32-34,0.760568945081
6-18-21-32-33-36,0.760568945081
6-32-33-34-36,0.760568945081
6-18-32-34-37,0.760568945081
6-18-24-32-34-35,0.760568945081
6-21-24-32-33-34,0.760568945081
6-24-32-33-34-36-37,0.760568945081
6-21-24-32-34-36-38,0.760568945081
6-34-37,0.760568945081
6-18-21-35-37-38,0.760568945081
6-21-24-32-35-38,0.760470169893
6-24-36-37-38,0.760371394706
6-21-32-33,0.760371394706
6-18-21-24-32-33-36,0.760371394706
6-21-32-33-34-37-38,0.760371394706
6-18-21-32-33-38,0.760371394706
6-18-36-37-38,0.760371394706
6-21-32-33-36-38,0.760371394706
6-21-32-33-35-36-38,0.760371394706
6-32-34-36-37-38,0.760371394706
6-21-32-34-38,0.760371394706
6-24-33-38,0.760371394706
6-24-32-34-35-37-38,0.760371394706
6-21-32-35-36-38,0.760371394706
6-32-33-34-35-37-38,0.760371394706
6-21-32-33-34-37,0.760371394706
6-24-32-34-36-37-38,0.760371394706
6-24-32-37,0.760371394706
6-18-21-32-34-37-38,0.760371394706
6-21-24-32-33-36-38,0.760371394706
6-21-24-32-35-37-38,0.760371394706
6-18-33-34-35-37-38,0.760371394706
6-18-21-24-32-33,0.760371394706
6-33-34-35-37-38,0.760371394706
6-24-33-34-35-36-37,0.760371394706
6-35-36-37-38,0.760371394706
6-18-33-34-35-36-37,0.760371394706
6-33-34-35-36-37,0.760371394706
6-18-32-33-34-38,0.760371394706
6-18-33,0.760371394706
6-32-34-37-38,0.760371394706
6-18-21-32-35-37-38,0.760371394706
6-24-33-37-38,0.760371394706
6-33-37-38,0.760371394706
6-24-33-34-35-37-38,0.760371394706
6-36-37-38,0.760371394706
6-24-32-33-34-37,0.760371394706
6-18-24-35,0.760371394706
6-24-32-33-36-37,0.760371394706
6-18-38,0.760371394706
6-21-32-33-35-37-38,0.760371394706
6-32-33-34,0.760371394706
6-24-32-33-35-36-38,0.760371394706
6-18-21-24-32-37,0.760371394706
6-37-38,0.760371394706
6-18-35-36-37-38,0.760371394706
6-18-37-38,0.760371394706
6-32-33-34-37,0.760371394706
6-18-21-24-32-34,0.760371394706
6-21-24-32-34-38,0.760371394706
6-24-36-38,0.760371394706
6-32-33-36-37,0.760371394706
6-18-24-36-37-38,0.760371394706
6-18-24-32-34-36,0.760371394706
6-33,0.760371394706
6-32-33-34-38,0.760371394706
6-33-35-36-37-38,0.760371394706
6-32-34-35-37-38,0.760371394706
6-18-21-33-36-37-38,0.760371394706
6-18-21-32-33-37-38,0.760371394706
6-24-33-35-36-37-38,0.760371394706
6-18-32-33-36,0.760371394706
6-21-24-32-34-36,0.760371394706
6-24-35-36-37-38,0.760371394706
6-18-24-32-34-37-38,0.760371394706
6-24-33,0.760371394706
6-24-32-33-34-38,0.760371394706
6-18-32-33-36-37,0.760371394706
6-18-24-32-33-34,0.760371394706
6-32-37,0.760371394706
6-21-33-36-37-38,0.760371394706
6-24-32-34-37-38,0.760371394706
6-18-35,0.760371394706
6-18-21-32-33-34,0.760371394706
6-18-24-33,0.760371394706
6-21-32-33-35-38,0.760371394706
6-18-33-35-36-37-38,0.760371394706
6-18-24-35-36-37-38,0.760371394706
6-18-32-33-34,0.760371394706
6-36-38,0.760371394706
6-18-32-34-37-38,0.760272619518
6-32-34,0.76017384433
6-18-32-35-36-37-38,0.76017384433
6-32-33-35-36-37-38,0.76017384433
6-21-32-33-34-35-37,0.76017384433
6-18-21-32-36-37-38,0.76017384433
6-24-32-34-38,0.76017384433
6-24-37-38,0.76017384433
6-24-32-35-36-37,0.76017384433
6-21-32-33-34,0.76017384433
6-18-21-32-33,0.76017384433
6-18-33-36-37-38,0.76017384433
6-18-24-32-34-36-38,0.76017384433
6-18-32-34-35-37-38,0.76017384433
6-32-35-36-37,0.76017384433
6-18-32-33-34-35-37,0.76017384433
6-18-21-32-37,0.76017384433
6-18-21-24-32-33-34,0.76017384433
6-21-32-33-38,0.76017384433
6-18-21-32-35-36-37,0.76017384433
6-21-24-32-34-37,0.76017384433
6-24-35,0.76017384433
6-21-24-32-34-37-38,0.76017384433
6-21-32-33-36-37-38,0.76017384433
6-24-32-34-36,0.76017384433
6-21-24-32-33-37-38,0.76017384433
6-32-34-38,0.76017384433
6-21-24-32-35-36-38,0.76017384433
6-24-32-35-36,0.76017384433
6-35,0.76017384433
6-24-32-33-36,0.76017384433
6-33-36-37-38,0.76017384433
6-18-32-33-35-36-38,0.76017384433
6-24-32-35-36-38,0.76017384433
6-21-24-32-34-36-37,0.76017384433
6-21-32-34-37,0.76017384433
6-32-34-35-38,0.76017384433
6-32-33-34-35-36-37,0.76017384433
6-18-32-34-36-38,0.76017384433
6-18-32-35-36-37,0.76017384433
6-24-33-36-38,0.76017384433
6-24-33-36-37-38,0.76017384433
6-24-32-33-34-35-38,0.76017384433
6-21-32-33-35-36-37,0.76017384433
6-18-24-33-37-38,0.76017384433
6-24-32-34,0.76017384433
6-21-24-32-33-36-37,0.76017384433
6-21-24-32-33-34-38,0.76017384433
6-33-38,0.76017384433
6-18-21-24-32-33-35,0.76017384433
6-18-21-32-35-36-38,0.76017384433
6-18-21-32-38,0.76017384433
6-24-32-35-36-37-38,0.76017384433
6-18-24-32-34-38,0.76017384433
6-18-21-24-38,0.76017384433
6-21-32-33-35-36,0.76017384433
6-32-34-36,0.76017384433
6-38,0.76017384433
6-18-21-24-32-36-38,0.76017384433
6-18-24-33-35-36-37,0.76017384433
6-18-33-35-36-37,0.76017384433
6-18-21-24-32-38,0.76017384433
6-18-21-32-33-34-37,0.76017384433
6-18-24-32-35-36-37,0.76017384433
6-32-33-34-37-38,0.76017384433
6-21-32-34-36,0.76017384433
6-18-21-24-32-35-38,0.76017384433
6-18-24-32-33-36,0.76017384433
6-24-32-33-34-37-38,0.76017384433
6-21-32-38,0.76017384433
6-33-36-38,0.76017384433
6-24-33-35-36-37,0.76017384433
6-32-33,0.76017384433
6-18-24-33-36-37-38,0.76017384433
6-33-35-36-37,0.76017384433
6-18-21-32-33-35-36,0.76017384433
6-32-33-34-35-38,0.76017384433
6-18-21-32-33-35-38,0.76017384433
6-21-24-32-33-36,0.76017384433
6-21-32-35-36,0.759976293955
6-21-32-37-38,0.759976293955
6-18-21-32-36,0.759976293955
6-18-24-32-33-38,0.759976293955
6-18-21-38,0.759976293955
6-18-24-32-34-35-38,0.759976293955
6-18-32-33-35-36,0.759976293955
6-24-32-33-34-35-37,0.759976293955
6-18-32-36,0.759976293955
6-18-21-32-33-36-38,0.759976293955
6-18-32-35-36-38,0.759976293955
6-21-24-32-33-35-36,0.759976293955
6-24-32-34-35-38,0.759976293955
6-18-21-36-38,0.759976293955
6-24-32-33-36-37-38,0.759976293955
6-21-32-34-37-38,0.759976293955
6-24-38,0.759976293955
6-21-24-32-33-34-37,0.759976293955
6-18-21-32-33-35,0.759976293955
6-18-32-34-35-38,0.759976293955
6-32-35-37-38,0.759976293955
6-32-33-35-37,0.759976293955
6-18-32-33-36-37-38,0.759976293955
6-32-33-38,0.759976293955
6-21-32-35-37-38,0.759976293955
6-18-32-33-37,0.759976293955
6-21-32-33-36-37,0.759976293955
6-21-24-32-36-37,0.759976293955
6-18-32-33-38,0.759976293955
6-32-34-37,0.759976293955
6-21-24-32-35-36-37,0.759976293955
6-18-21-32-33-34-35,0.759976293955
6-32-33-34-35-37,0.759976293955
6-21-32-33-35,0.759976293955
6-24-32-33-35-37,0.759976293955
6-21-38,0.759976293955
6-18-21-32-37-38,0.759976293955
6-18-24-32-33-35-36,0.759976293955
6-32-33-35-37-38,0.759976293955
6-18-24-32-33-35-37,0.759976293955
6-21-32,0.759976293955
6-24-32-36-37,0.759976293955
6-21-24-32-37-38,0.759976293955
6-24-32-33-38,0.759976293955
6-32-36-37,0.759976293955
6-18-32-33-34-35-38,0.759976293955
6-21-24-33-36-38,0.759976293955
6-24-32-35-37-38,0.759976293955
6-24-32-34-37,0.759976293955
6-18-32-35-37-38,0.759976293955
6-18-21-24-32-35-36,0.759976293955
6-18-32-34-38,0.759976293955
6-18-24-32-33-34-35,0.759976293955
6-21-32-34-36-37,0.759976293955
6-21-36-38,0.759976293955
6-18-24-32-36,0.759976293955
6-21-32-33-36,0.759976293955
6-21-24-32-35-36,0.759976293955
6-18-32-33-35-36-37,0.75977874358
6-33-35-38,0.75977874358
6-24-32-33,0.75977874358
6-21-24-32-38,0.75977874358
6-24-32-33-35-37-38,0.75977874358
6-21-24-36-38,0.75977874358
6-32-33-36-37-38,0.75977874358
6-18-33-35-38,0.75977874358
6-18-32-33-35-37-38,0.75977874358
6-18-21-24-32-33-38,0.75977874358
6-24-32-33-35-36,0.75977874358
6-18-32,0.75977874358
6-18-21-24-32-37-38,0.75977874358
6-21-24-38,0.75977874358
6-24-32-33-34,0.75977874358
6-32-33-35,0.75977874358
6-21-24-32-35,0.75977874358
6-21-32-35-36-37,0.75977874358
6-18-24-33-38,0.75977874358
6-21-32-37,0.75977874358
6-32-35-36-38,0.75977874358
6-21-24-32-36,0.75977874358
6-24-32-34-36-38,0.75977874358
6-21-32-33-34-35,0.75977874358
6-18-33-37-38,0.75977874358
6-18-24-32-33-35,0.75977874358
6-32-34-36-38,0.75977874358
6-18-21-32-33-37,0.75977874358
6-18-21-32-33-35-37,0.75977874358
6-21-32-35,0.75977874358
6-18-32-33-35-37,0.75977874358
6-21-32-36,0.75977874358
6-32,0.75977874358
6-24-32,0.75977874358
6-18-32-33-35,0.75977874358
6-32-35-36,0.75977874358
6-18-32-38,0.75977874358
6-32-33-35-38,0.75977874358
6-18-21-24-32-33-37,0.75977874358
6-18-24-37-38,0.75977874358
6-24-32-33-35-38,0.75977874358
6-24-32-33-35,0.75977874358
6-18-32-33,0.75977874358
6-21-24-32-33-38,0.75977874358
6-18-32-33-35-38,0.75977874358
6-32-33-35-36,0.75977874358
6-21-24-32-37,0.75977874358
6-18-21-24-36-38,0.75977874358
6-18-24-38,0.75977874358
6-18-21-24-32-36,0.75977874358
6-18-24-33-35-38,0.75977874358
6-24-33-35-38,0.75977874358
6-24-32-35-37,0.759581193204
6-18-21-32-36-38,0.759581193204
6-21-24-32-33-35,0.759581193204
6-21-24-32-33-35-37,0.759581193204
6-18-24-32-35-36-38,0.759581193204
6-21-32-36-38,0.759581193204
6-21-24-32-36-37-38,0.759581193204
6-32-37-38,0.759581193204
6-32-35-37,0.759581193204
6-24-32-38,0.759581193204
6-21-32-33-35-37,0.759581193204
6-18-32-35-37,0.759581193204
6-18-24-32-33-37,0.759581193204
6-21-24-32,0.759581193204
6-21-24-32-33-35-38,0.759581193204
6-18-24-32-38,0.759581193204
6-32-33-35-36-37,0.759581193204
6-24-32-33-35-36-37,0.759581193204
6-32-33-36,0.759581193204
6-18-24-32-35-37,0.759581193204
6-18-21-32-35-36,0.759581193204
6-18-32-35-38,0.759482418017
6-24-32-33-36-38,0.759383642829
6-18-24-32-33-36-38,0.759383642829
6-24-32-33-37,0.759383642829
6-21-32-36-37,0.759383642829
6-18-32-36-37-38,0.759383642829
6-18-32-33-36-38,0.759383642829
6-24-32-35-38,0.759383642829
6-32-38,0.759383642829
6-18-21-24-32-35,0.759383642829
6-32-35-38,0.759383642829
6-21-32-36-37-38,0.759383642829
6-18-21-32,0.759383642829
6-21-32-33-37,0.759383642829
6-18-21-24-32-35-37,0.759383642829
6-18-24-32-35-36,0.759383642829
6-21-24-32-33-37,0.759383642829
6-21-24-32-33,0.759383642829
6-24-32-33-37-38,0.759383642829
6-18-32-35-36,0.759383642829
6-18-21-32-35,0.759383642829
6-32-33-36-38,0.759383642829
6-32-36,0.759383642829
6-18-21-24-32,0.759383642829
6-18-32-33-37-38,0.759383642829
6-18-24-32-33-37-38,0.759383642829
6-32-33-37,0.759383642829
6-32-33-37-38,0.759383642829
6-32-36-37-38,0.759383642829
6-18-24-32-33,0.759383642829
6-18-24-32-33-35-38,0.759383642829
6-21-24-32-36-38,0.759383642829
6-18-24-32-35-38,0.759383642829
6-18-24-32-36-37-38,0.759383642829
6-24-32-36,0.759383642829
6-24-32-36-37-38,0.759383642829
6-18-24-32-36-38,0.759186092454
6-21-32-35-37,0.759186092454
6-18-32-36-38,0.759186092454
6-18-21-32-35-37,0.759186092454
6-21-24-32-35-37,0.759186092454
6-24-32-36-38,0.759186092454
6-18-24-32,0.759186092454
6-24-32-37-38,0.759186092454
6-18-24-32-35-37-38,0.759186092454
6-32-36-38,0.759186092454
6-18-32-37-38,0.758790991703
6-18-24-32-37-38,0.758593441328
5-33-34-35,0.755827736073
5-33-35-36,0.755630185697
5-18-24-33-36,0.755630185697
5-18-24-33-36-37,0.755630185697
5-21-33-35-36,0.755630185697
5-18-21-24-33-36-37,0.755432635322
5-18-21-24-33-36,0.755432635322
5-33-35-36-37,0.755432635322
5-21-33-35-36-37,0.755432635322
5-24-33-34-35-36-37,0.755432635322
5-33-34-35-36,0.755432635322
5-21-33-34-35-36,0.755432635322
5-35-36,0.755235084947
5-21-24-33-35-36,0.755235084947
5-24-33-34-36,0.755235084947
5-21-24-33-34-36-37,0.755235084947
5-24-33-34-35-36,0.755235084947
5-24-33-34-36-37,0.755235084947
5-21-35-36,0.755037534571
5-24-33-36-37,0.755037534571
5-24-33-35-36,0.755037534571
5-18-24-34-36-37,0.755037534571
5-21-24-33-34-35-36,0.755037534571
5-35-37,0.755037534571
5-21-24-34-35-36,0.755037534571
5-21-24-35,0.755037534571
5-21-33-34-35-37,0.755037534571
5-21-24-34-36-37,0.755037534571
5-24-33-36,0.755037534571
5-21-33-34-35-36-37,0.755037534571
5-21-24-33-35-36-37,0.755037534571
5-24-34-36-37,0.754938759384
5-35-36-37,0.754839984196
5-24-33-35-36-37,0.754839984196
5-24-35,0.754839984196
5-18-21-24-33-38,0.754839984196
5-33-34-35-38,0.754839984196
5-21-24-33-36-37,0.754839984196
5-18-21-33-34-35,0.754839984196
5-18-21-24-34-36-37,0.754839984196
5-18-24-33-34-36-37,0.754839984196
5-18-21-24-33-34-36,0.754839984196
5-18-24-34-37-38,0.754839984196
5-18-24-33-38,0.754839984196
5-18-21-24-34-37-38,0.754839984196
5-21-33-34-35,0.754839984196
5-24-34-37,0.754839984196
5-21-24-33-36,0.754839984196
5-18-24-33-34-36,0.754839984196
5-18-24-33-34-38,0.754839984196
5-21-34-35-36,0.754839984196
5-21-24-33-34-36,0.754741209008
5-18-33-35,0.754642433821
5-21-24-36-37,0.754642433821
5-36-37,0.754642433821
5-18-24-34-37,0.754642433821
5-18-21-34-35-36,0.754642433821
5-21-24-34-37,0.754642433821
5-33-34-35-36-37,0.754642433821
5-18-21-33-34-35-37,0.754642433821
5-18-21-24-33-34-38,0.754642433821
5-18-33-34-35,0.754642433821
5-24-33-34-38,0.754642433821
5-34-35-36,0.754642433821
5-18-21-24-34-37,0.754642433821
5-21-24-34-35-36-37,0.754642433821
5-34-35-37,0.754444883445
5-18-24-33-35-36,0.754444883445
5-24-34-35-36,0.754444883445
5-18-24-33-34-37,0.754444883445
5-18-21-33-35-36-37,0.754444883445
5-18-24-33-34-35-36,0.754444883445
5-18-21-24-36-37,0.754444883445
5-33-35,0.754444883445
5-18-24-36-37,0.754444883445
5-18-33-34-35-37,0.754444883445
5-21-34-35-37,0.754444883445
5-33-34-35-37,0.754444883445
5-21-35,0.754444883445
5-34-35-36-37-38,0.754444883445
5-18-21-24-33-35-36,0.754444883445
5-24-34-37-38,0.754444883445
5-21-35-37,0.754444883445
5-24-34-36,0.754444883445
5-18-21-24-38,0.754444883445
5-24-36-37,0.754444883445
5-21-33-35-37,0.754444883445
5-33-36-37,0.754444883445
5-18-24-34-36,0.754346108258
5-18-21-33-35-36,0.75424733307
5-18-21-24-34-35-36,0.75424733307
5-18-21-24-37-38,0.75424733307
5-18-24-36,0.75424733307
5-18-35-36,0.75424733307
5-21-24-35-36-37,0.75424733307
5-18-21-36-37,0.75424733307
5-18-21-33-35,0.75424733307
5-18-34-35-36,0.75424733307
5-21-24-33-34-38,0.75424733307
5-18-21-33-35-37,0.75424733307
5-32-34-35-36,0.75424733307
5-21-24-34-37-38,0.75424733307
5-18-21-24-36,0.75424733307
5-35,0.75424733307
5-33-37,0.75424733307
5-18-34-35-36-37,0.75424733307
5-33-35-37,0.75424733307
5-34-36-37-38,0.75424733307
5-18-24-33-35-36-37,0.75424733307
5-18-24-37-38,0.75424733307
5-21-24-34-36,0.75424733307
5-24-35-36-37,0.75424733307
5-18-21-34-35-36-37,0.75424733307
5-18-21-35-36,0.75424733307
5-18-33-34-35-36-37,0.75424733307
5-18-33-35-37,0.754049782695
5-21-34-36-38,0.754049782695
5-21-34-35-36-37,0.754049782695
5-21-34-35-38,0.754049782695
5-35-37-38,0.754049782695
5-18-34-36-37-38,0.754049782695
5-18-21-34-35-38,0.754049782695
5-37,0.754049782695
5-21-33-36,0.754049782695
5-18-35-36-37,0.754049782695
5-21-35-36-37,0.754049782695
5-18-33-36-37-38,0.754049782695
5-24-34-35-36-37,0.754049782695
5-32-33-34-35-37-38,0.754049782695
5-33-36-37-38,0.754049782695
5-34-35-36-37,0.754049782695
5-24-33-34-37-38,0.754049782695
5-24-36,0.754049782695
5-18-33-34-35-38,0.754049782695
5-21-34-35-36-37-38,0.754049782695
5-21-24-36,0.754049782695
5-33-34-35-36-37-38,0.754049782695
5-21-35-37-38,0.754049782695
5-18-21-33-34-35-36,0.754049782695
5-21-24-33-34-35-37,0.753852232319
5-24-33-38,0.753852232319
5-21-24-33-38,0.753852232319
5-32-33-34-35-36,0.753852232319
5-34-35-37-38,0.753852232319
5-21-36-37,0.753852232319
5-18-33-34-35-36,0.753852232319
5-21-24-33-34-37,0.753852232319
5-24-33-34-35-37,0.753852232319
5-18-21-36,0.753852232319
5-18-21-35-36-37,0.753852232319
5-18-24-33-35,0.753852232319
5-21-33-37,0.753852232319
5-18-24-34-38,0.753852232319
5-18-21-24-34-36,0.753852232319
5-24-35-36,0.753852232319
5-21-24-38,0.753852232319
5-18-32-33-35-37-38,0.753852232319
5-18-33-35-36,0.753852232319
5-24-34-38,0.753852232319
5-33-34-36-37-38,0.753852232319
5-33-34-35-37-38,0.753852232319
5-21-24-35-36,0.753852232319
5-21-32-33-35-37-38,0.753852232319
5-21-32-34-35-36,0.753852232319
5-18-21-32-33-35-36,0.753852232319
5-24-33-37-38,0.753852232319
5-24-35-37,0.753852232319
5-33-35-37-38,0.753852232319
5-18-24-38,0.753852232319
5-18-21-34-35-37,0.753852232319
5-18-21-34-35-37-38,0.753852232319
5-24-33-34-37,0.753852232319
5-18-24-33-34-37-38,0.753852232319
5-18-34-35-37,0.753852232319
5-21-24-33-34-37-38,0.753852232319
5-33-34-35-36-38,0.753852232319
5-18-24-35-36-37,0.753852232319
5-18-21-24-33-37-38,0.753654681944
5-21-24-37-38,0.753654681944
5-32-34-35-37-38,0.753654681944
5-34-35-38,0.753654681944
5-32-33-35-37-38,0.753654681944
5-18-36-37,0.753654681944
5-21-24-33-37-38,0.753654681944
5-21-33-36-37,0.753654681944
5-21-24-35-37,0.753654681944
5-18-21-24-34-38,0.753654681944
5-24-37-38,0.753654681944
5-18-35,0.753654681944
5-18-34-36-37,0.753654681944
5-21-24-34-38,0.753654681944
5-18-32-33-34-35-36,0.753654681944
5-21-33-35,0.753654681944
5-32-35-36,0.753654681944
5-21-32-35-36,0.753654681944
5-18-33-34-36-37-38,0.753654681944
5-18-34-35-37-38,0.753654681944
5-18-32-34-35-37-38,0.753654681944
5-21-34-36-37-38,0.753654681944
5-21-33-38,0.753654681944
5-18-34-35-38,0.753654681944
5-18-24-34-35-36-37,0.753654681944
5-32-33-35-36,0.753654681944
5-18-21-24-33-34-37,0.753654681944
5-18-21-35,0.753654681944
5-21-37,0.753654681944
5-18-33-35-36-37,0.753654681944
5-32-35-37-38,0.753654681944
5-21-32-33-34-35-36,0.753654681944
5-21-33-34-36-37-38,0.753654681944
5-18-21-24-35-36,0.753457131569
5-34-35-36-38,0.753457131569
5-33-36-38,0.753457131569
5-18-32-35-36,0.753457131569
5-18-21-35-37-38,0.753457131569
5-18-32-34-35-36,0.753457131569
5-21-32-34-35-37-38,0.753457131569
5-32-33-35-36-37-38,0.753457131569
5-18-21-24-35-36-37,0.753457131569
5-18-21-33-36-37,0.753457131569
5-24-34-35-37,0.753457131569
5-18-21-34-35,0.753457131569
5-36,0.753457131569
5-34-36-38,0.753457131569
5-24-33-35,0.753457131569
5-18-34-35-36-37-38,0.753457131569
5-18-32-35-37-38,0.753457131569
5-18-21-34-36-38,0.753457131569
5-21-35-38,0.753457131569
5-18-21-35-37,0.753457131569
5-33-34-36,0.753457131569
5-18-24-35-36,0.753457131569
5-33-35-38,0.753457131569
5-21-33-34-35-38,0.753457131569
5-21-33-34-35-37-38,0.753457131569
5-21-33-35-38,0.753457131569
5-24-34-35-36-37-38,0.753457131569
5-18-21-32-34-35-36,0.753457131569
5-33-36,0.753457131569
5-32-35-36-37-38,0.753457131569
5-21-36,0.753457131569
5-21-33-36-37-38,0.753457131569
5-18-33-34-35-37-38,0.753457131569
5-24-32-35-36-37-38,0.753457131569
5-21-24-34-35-37,0.753457131569
5-21-24-34-35-37-38,0.753259581193
5-21-34-35-37-38,0.753259581193
5-18-36-38,0.753259581193
5-18-33-36-38,0.753259581193
5-24-38,0.753259581193
5-38,0.753259581193
5-18-21-36-37-38,0.753259581193
5-34-37,0.753259581193
5-32-33-34-35-36-38,0.753259581193
5-24-33-34-35-38,0.753259581193
5-21-34-35-36-38,0.753259581193
5-36-37-38,0.753259581193
5-18-24-33-34-35,0.753259581193
5-21-33-34-36,0.753259581193
5-18-33-34-36-37,0.753259581193
5-21-32-35-36-37-38,0.753259581193
5-18-34-36-38,0.753259581193
5-21-34-36-37,0.753259581193
5-34-36,0.753259581193
5-18-24-33-34-35-37,0.753259581193
5-18-32-35-36-37-38,0.753259581193
5-18-34-35,0.753259581193
5-18-21-33-36-37-38,0.753259581193
5-18-21-24-35,0.753259581193
5-32-34-35-36-37-38,0.753259581193
5-18-21-32-35-37-38,0.753259581193
5-18-21-34-36-37-38,0.753259581193
5-18-21-24-33-34-35,0.753259581193
5-18-32-33-35-36,0.753259581193
5-18-21-34-36-37,0.753259581193
5-21-33-36-38,0.753259581193
5-34-36-37,0.753259581193
5-18-24-34-35-36,0.753259581193
5-24-33-34-35-37-38,0.753259581193
5-18-21-33-36,0.753062030818
5-33-38,0.753062030818
5-18-21-24-33-37,0.753062030818
5-21-33-34-35-36-38,0.753062030818
5-21-24-33-35,0.753062030818
5-21-36-38,0.753062030818
5-18-21-33-36-38,0.753062030818
5-35-36-37-38,0.753062030818
5-18-21-32-35-38,0.753062030818
5-18-21-33-34-36-37,0.753062030818
5-33-34-36-37,0.753062030818
5-34-37-38,0.753062030818
5-18-21-33-35-37-38,0.753062030818
5-18-21-24-33,0.753062030818
5-24-33-35-37,0.753062030818
5-24-33-34-35,0.753062030818
5-18-24-33-37,0.753062030818
5-24-35-36-37-38,0.753062030818
5-18-35-37,0.753062030818
5-21-34-35,0.753062030818
5-24-34-35-37-38,0.753062030818
5-24-33-35-37-38,0.753062030818
5-18-24-35,0.753062030818
5-18-24-33-37-38,0.753062030818
5-18-33-37-38,0.753062030818
5-18-35-38,0.753062030818
5-18-21-35-38,0.753062030818
5-33-34-36-38,0.753062030818
5-34-35,0.753062030818
5-21-24-33-34-35,0.753062030818
5-18-21-24-33-35,0.753062030818
5-18-21-24-33-34,0.753062030818
5-21-32-35-37-38,0.753062030818
5-33-34-37,0.753062030818
5-18-33-35-37-38,0.753062030818
5-21-24-33-35-37-38,0.753062030818
5-21-32-33-35-36,0.753062030818
5-18-21-34-36,0.753062030818
5-18-24-37,0.752864480443
5-18-33-35-38,0.752864480443
5-24-33-34-36-37-38,0.752864480443
5-21-34-37,0.752864480443
5-18-34-38,0.752864480443
5-21-32-34-35-36-38,0.752864480443
5-18-33-36-37,0.752864480443
5-21-33-34-37,0.752864480443
5-18-36,0.752864480443
5-18-33-37,0.752864480443
5-21-24-32-35-36,0.752864480443
5-18-21-33-38,0.752864480443
5-24-32-35-36,0.752864480443
5-18-21-24,0.752864480443
5-18-21-32-35-36,0.752864480443
5-21-24-34-35,0.752864480443
5-18-24-32-35-36-37,0.752864480443
5-18-33-34-35-36-38,0.752864480443
5-18-34-37,0.752864480443
5-18-24-32-33-35-36,0.752864480443
5-24,0.752864480443
5-18-33-38,0.752864480443
5-21-24,0.752864480443
5-24-33,0.752864480443
5-18-21-33-37-38,0.752864480443
5-21-33-34-36-37,0.752864480443
5-18-33-34-37,0.752864480443
5-24-32-33-35-38,0.752864480443
5-18-21-24-32-35-36,0.752864480443
5-18-24-33-35-37-38,0.752864480443
5-18-34-36,0.752864480443
5-18-33-34-36-38,0.752864480443
5-18-32-34-35-36-38,0.752864480443
5-36-38,0.752864480443
5-24-32-33-35-37-38,0.752864480443
5-21-24-33-35-37,0.752864480443
5-18-24-33-34,0.752864480443
5-18-24,0.752864480443
5-18-24-34,0.752864480443
5-18-21-24-37,0.752864480443
5-18-21-33-35-38,0.752864480443
5-18-21-33-34-35-38,0.752864480443
5-18-21-24-33-35-37,0.752765705255
5-33-35-36-38,0.752666930067
5-18-32-35-36-38,0.752666930067
5-21-24-33,0.752666930067
5-21-33-34-36-38,0.752666930067
5-21-32-35,0.752666930067
5-18-24-33,0.752666930067
5-21-24-34,0.752666930067
5-24-32-33-35-36-37,0.752666930067
5-18-21-34-37,0.752666930067
5-18-24-34-35-37-38,0.752666930067
5-21-24-37,0.752666930067
5-18-21-32-33-35-38,0.752666930067
5-34-38,0.752666930067
5-37-38,0.752666930067
5-18-34-35-36-38,0.752666930067
5-18-21-37-38,0.752666930067
5-24-34,0.752666930067
5-21-36-37-38,0.752666930067
5-18-33-34-36,0.752666930067
5-35-36-38,0.752666930067
5-21-33-35-37-38,0.752666930067
5-21-24-33-37,0.752666930067
5-18-24-34-35-37,0.752666930067
5-24-33-35-36-38,0.752666930067
5-18-24-32-33-35-38,0.752666930067
5-24-32-36-38,0.752666930067
5-21-34-38,0.752666930067
5-21-35-36-38,0.752666930067
5-24-37,0.752666930067
5-32-35,0.752666930067
5-21-24-32-33-35-36,0.752666930067
5-33-35-36-37-38,0.752666930067
5-32-34-35-36-38,0.752666930067
5-24-32-35-38,0.752666930067
5-33-34-37-38,0.752666930067
5-24-32-33-35-36,0.752666930067
5-18-34-37-38,0.752666930067
5-18-24-32-35-37-38,0.752666930067
5-18-21-24-35-37,0.752666930067
5-21-33-35-36-37-38,0.752666930067
5-21-37-38,0.752666930067
5-18-35-37-38,0.752666930067
5-18-21-33-34,0.752666930067
5-18-37,0.752666930067
5-18-21-32-35-36-37,0.752666930067
5-21-34-36,0.752666930067
5-18-24-32-34-37-38,0.752666930067
5-24-33-37,0.752666930067
5-21-33-35-36-38,0.752666930067
5-18-21-33-34-37,0.752666930067
5-24-35-37-38,0.752568154879
5-18-24-33-36-37-38,0.752568154879
5-18-36-37-38,0.752568154879
5-18-32-35-38,0.752469379692
5-18-21-32-35-36-38,0.752469379692
5-18-24-35-37,0.752469379692
5-21-24-32-34-37-38,0.752469379692
5-18-24-32-35-38,0.752469379692
5-18-32-33-35-36-38,0.752469379692
5-18-32-33-34-35-37,0.752469379692
5-33-34,0.752469379692
5-18-24-32-35-36,0.752469379692
5-18-21-32-34-35-38,0.752469379692
5-18-21-33-34-37-38,0.752469379692
5-24-33-36-37-38,0.752469379692
5-21-24-33-36-37-38,0.752469379692
5-21-33-34-38,0.752469379692
5-24-32-33-34-35-36,0.752469379692
5-18-32-34-35-36-37,0.752469379692
5-18-24-32-36-38,0.752469379692
5-18-21-33-34-36,0.752469379692
5-18-24-32-34-35-36,0.752469379692
5-21-32-35-36-38,0.752469379692
5-18-21-24-34,0.752469379692
5-18-33-34-37-38,0.752469379692
5-18-32-33-35-37,0.752469379692
5-21-32-33-35-37,0.752469379692
5-18-32-34-35-38,0.752469379692
5-18-24-33-35-37,0.752469379692
5-18-21-33-34-38,0.752469379692
5-24-32-35-37-38,0.752469379692
5-21-32-33-34-35-37,0.752469379692
5-32-33-35-37,0.752469379692
5-18-21-24-36-37-38,0.752469379692
5-18-32-33-36-38,0.752469379692
5-18-21-36-38,0.752469379692
5-21-35-36-37-38,0.752469379692
5-18-32-36-38,0.752469379692
5-18-38,0.752469379692
5-18-21-34,0.752469379692
5-21-34-37-38,0.752469379692
5-21-24-32-34-35-36,0.752469379692
5-35-38,0.752469379692
5-21-24-32-36-38,0.752469379692
5-32-33-34-36-38,0.752469379692
5-18-33-34,0.752469379692
5-21-24-33-36-38,0.752469379692
5-18-34,0.752469379692
5-18-32-33-35-38,0.752469379692
5-32-35-36-38,0.752469379692
5-32-36-38,0.752469379692
5-18-21-33-34-36-38,0.752469379692
5-32-33-36-38,0.752469379692
5-18-32-33-34-36-38,0.752469379692
5-24-32-34-35-36,0.752469379692
5-21-24-35-36-37-38,0.752370604504
5-32-33-34-35-36-37,0.752370604504
5-18-32-35-36-37,0.752370604504
5-18-24-32-33-35-37,0.752370604504
5-21-32-35-36-37,0.752271829316
5-18-32-33-34-35-38,0.752271829316
5-18-24-34-35-38,0.752271829316
5-21-24-32-33-35-37,0.752271829316
5-32-33-34-36-37-38,0.752271829316
5-21-32-33-35,0.752271829316
5-18-21-24-34-35-37,0.752271829316
5-24-32-33-35-37,0.752271829316
5-24-33-34,0.752271829316
5-33-34-38,0.752271829316
5-21-32-34-35,0.752271829316
5-21-33-34-37-38,0.752271829316
5-21-32-34-35-36-37,0.752271829316
5-32-34-35,0.752271829316
5-24-32-34-35-38,0.752271829316
5-21-32-33-35-36-37,0.752271829316
5-18-21-34-37-38,0.752271829316
5-18-21-24-35-37-38,0.752271829316
5-18-21-24-32-36-38,0.752271829316
5-18-24-33-36-38,0.752271829316
5-21-24-32-35-37-38,0.752271829316
5-24-36-37-38,0.752271829316
5-18-21-34-35-36-38,0.752271829316
5-18-21-37,0.752271829316
5-18-21-33-35-36-38,0.752271829316
5-21-24-33-34-35-38,0.752271829316
5-18-32-33-35-36-37,0.752271829316
5-21-24-32-35-36-37,0.752271829316
5-21-24-33-34,0.752271829316
5-21-32-33-36-37-38,0.752271829316
5-18-37-38,0.752271829316
5-18-21-33-37,0.752271829316
5-21-24-35-37-38,0.752271829316
5-21-33-37-38,0.752271829316
5-18-32-33-36-37-38,0.752271829316
5-18-21-35-36-38,0.752271829316
5-24-34-35-36-38,0.752271829316
5-18-24-33-34-36-38,0.752271829316
5-32-33-36-37-38,0.752271829316
5-18-24-33-34-35-38,0.752271829316
5-32-35-36-37,0.752271829316
5-33-37-38,0.752271829316
5-33,0.752271829316
5-24-32-33-34-35-38,0.752271829316
5-24-34-35,0.752271829316
5-24-34-36-37-38,0.752074278941
5-18-33-34-38,0.752074278941
5-32-33-35-38,0.752074278941
5-24-32-34-36-38,0.752074278941
5-32-33-35,0.752074278941
5-21-24-36-37-38,0.752074278941
5-18-32-34-36-38,0.752074278941
5-32-33-35-36-37,0.752074278941
5-21-24-33-35-36-38,0.752074278941
5-24-32-37-38,0.752074278941
5-18-24-32-34-35-38,0.752074278941
5-21-24-32-35-38,0.752074278941
5-24-33-36-38,0.752074278941
5-24-32-34-35-37-38,0.752074278941
5-18-24-34-35,0.752074278941
5-21-32-33-34-36-38,0.752074278941
5-18-21-34-38,0.752074278941
5-21-24-32-33-35-38,0.752074278941
5-18-21-24-32-33-35,0.752074278941
5-18-21-24-33-36-38,0.752074278941
5-24-32-34-37-38,0.752074278941
5-18-24-36-37-38,0.752074278941
5-24-32-34-35-36-37,0.752074278941
5-18-21-38,0.752074278941
5-18-24-34-36-37-38,0.752074278941
5-24-35-36-38,0.752074278941
5,0.752074278941
5-18-24-32-34-36-38,0.752074278941
5-32-33-34-35-37,0.752074278941
5-18-24-32-37-38,0.752074278941
5-32-34-36-38,0.752074278941
5-32-33-35-36-38,0.752074278941
5-18-24-36-38,0.752074278941
5-24-33-35-36-37-38,0.752074278941
5-18-21-24-32-34-35,0.752074278941
5-18-33-36,0.752074278941
5-18-24-35-37-38,0.752074278941
5-18-21-24-32-37-38,0.752074278941
5-21-24-32-37-38,0.751975503753
5-18-21-32-33-35-37,0.751975503753
5-18-21-24-32-35,0.751975503753
5-18-24-32-33-35,0.751876728566
5-21-33,0.751876728566
5-18-21-32-35,0.751876728566
5-18-21-32-36-38,0.751876728566
5-21-32-34-36-38,0.751876728566
5-18-32-34-35,0.751876728566
5-21-24-36-38,0.751876728566
5-18-21-32-33-34-35,0.751876728566
5-24-33-34-36-38,0.751876728566
5-18-24-32-34-35,0.751876728566
5-18-21,0.751876728566
5-21-34,0.751876728566
5-21-24-34-36-37-38,0.751876728566
5-24-32-33-34-35-37,0.751876728566
5-18-21-32-34-35,0.751876728566
5-24-32-35-36-37,0.751876728566
5-18-32-35,0.751876728566
5-18-24-32-35,0.751876728566
5-18-21-24-34-35,0.751876728566
5-18-32-35-37,0.751876728566
5-18-24-35-36-38,0.751876728566
5-32-34-37-38,0.751876728566
5-18-21-24-32-35-38,0.751876728566
5-18-35-36-38,0.751876728566
5-18-32-34-35-37,0.751876728566
5-18-21-24-36-38,0.751876728566
5-21-24-33-34-36-38,0.751876728566
5-21-24-32-34-35-38,0.751876728566
5-21-32-33-35-36-38,0.751876728566
5-18-21-32-34-36-38,0.751876728566
5-21-24-32-34-36-38,0.751876728566
5-32-34-35-36-37,0.751876728566
5-18-32-33-34-37-38,0.751876728566
5-18-21-24-35-36-38,0.751876728566
5-32-33-34-35,0.751876728566
5-18-33,0.751876728566
5-21-24-34-35-36-38,0.751876728566
5-18-33-35-36-37-38,0.751876728566
5-21-32-37-38,0.751777953378
5-24-32-35-36-38,0.75167917819
5-18,0.75167917819
5-32-37-38,0.75167917819
5-32-33-34-37-38,0.75167917819
5-32-34-35-38,0.75167917819
5-24-34-36-38,0.75167917819
5-21-32-33-34-37,0.75167917819
5-21-32-33-34-37-38,0.75167917819
5-18-21-33,0.75167917819
5-18-24-32-33-34-35,0.75167917819
5-18-32-33-35,0.75167917819
5-21-32-34-35-38,0.75167917819
5-18-24-35-36-37-38,0.75167917819
5-21-38,0.75167917819
5-24-33-35-38,0.75167917819
5-18-32-33-34-37,0.75167917819
5-18-21-32-37-38,0.75167917819
5-24-36-38,0.75167917819
5-32-33-37-38,0.75167917819
5-21-32-33-35-38,0.75167917819
5-21-32-34-37-38,0.75167917819
5-18-21-32-34-37-38,0.75167917819
5-18-24-33-35-36-38,0.75167917819
5-18-21-24-34-35-38,0.75167917819
5-34,0.75167917819
5-18-21-24-34-36-38,0.75167917819
5-21-33-34,0.75167917819
5-18-21-32-33-35,0.75167917819
5-21-32-33-36-38,0.75167917819
5-18-24-34-36-38,0.75167917819
5-18-32-33-34-35,0.75167917819
5-18-32-33,0.751481627815
5-18-32-37-38,0.751481627815
5-21-24-34-36-38,0.751481627815
5-18-24-32-33-37-38,0.751481627815
5-18-21-32-33-36-38,0.751481627815
5-32-33-34-37,0.751481627815
5-21-32-33-36-37,0.751481627815
5-21-24-34-35-38,0.751481627815
5-21-32-33-37,0.751481627815
5-21-32-33-37-38,0.751481627815
5-18-21-32-33-34-37,0.751481627815
5-21-32-35-38,0.751481627815
5-18-24-32-38,0.751481627815
5-24-32-34-35-37,0.751481627815
5-18-21-32-33-37,0.751481627815
5-24-32-38,0.751481627815
5-32-33-37,0.751481627815
5-21-32-33-34-35,0.751481627815
5-18-21-24-35-38,0.751481627815
5-21-24-32-33-35,0.751481627815
5-21,0.751481627815
5-18-32-33-37,0.751481627815
5-18-24-32-35-36-38,0.751481627815
5-24-32-33-36-37-38,0.751481627815
5-18-32-34-37-38,0.751481627815
5-18-21-32-34-38,0.751481627815
5-24-34-35-38,0.751481627815
5-21-32-36-38,0.751481627815
5-32-33-34-35-38,0.751481627815
5-21-32-33-34-35-38,0.751481627815
5-24-32-33-38,0.75128407744
5-18-32-33-37-38,0.75128407744
5-18-21-24-32-34-38,0.75128407744
5-18-32-36-37-38,0.75128407744
5-21-24-32-33-37-38,0.75128407744
5-32-35-38,0.75128407744
5-18-32-34-36-37-38,0.75128407744
5-21-24-32-33-36-37,0.75128407744
5-21-24-32-34-38,0.75128407744
5-21-32-33-34-36-37,0.75128407744
5-21-24-35-38,0.75128407744
5-18-21-32-33-37-38,0.75128407744
5-21-24-32-33-38,0.75128407744
5-24-32-35-37,0.75128407744
5-18-21-35-36-37-38,0.75128407744
5-18-21-32-33-36-37,0.75128407744
5-32-36-37-38,0.75128407744
5-24-32-33-35,0.75128407744
5-32-34-35-37,0.75128407744
5-32-35-37,0.75128407744
5-21-24-32-33-34-37,0.75128407744
5-32-34-36-37-38,0.751185302252
5-18-32-34-38,0.751086527064
5-24-32-36-37-38,0.751086527064
5-18-21-32-33-38,0.751086527064
5-18-21-24-33-35-38,0.751086527064
5-18-21-32-38,0.751086527064
5-21-24-32-38,0.751086527064
5-18-21-24-32-38,0.751086527064
5-21-24-35-36-38,0.751086527064
5-21-24-32-34-35-37,0.751086527064
5-21-32-34-36-37-38,0.751086527064
5-21-24-32-37,0.751086527064
5-18-24-34-35-36-38,0.751086527064
5-24-32-33-36-37,0.751086527064
5-21-32-35-37,0.751086527064
5-18-24-32-33-38,0.751086527064
5-18-21-24-32-33-38,0.751086527064
5-18-24-33-35-38,0.751086527064
5-21-24-32-36-37-38,0.751086527064
5-18-24-35-38,0.751086527064
5-24-32-34-38,0.751086527064
5-24-32-33-37-38,0.751086527064
5-18-33-35-36-38,0.751086527064
5-24-32-33-35-36-38,0.751086527064
5-18-35-36-37-38,0.751086527064
5-18-24-32-34-38,0.751086527064
5-32-33-36-37,0.751086527064
5-24-32-33-34-37-38,0.751086527064
5-18-32-34-36-37,0.751086527064
5-32-34-38,0.751086527064
5-18-21-32-33,0.751086527064
5-21-32-36-37-38,0.751086527064
5-24-33-34-35-36-38,0.751086527064
5-18-24-32-33-36-37,0.751086527064
5-18-21-32-36-37-38,0.751086527064
5-21-32-38,0.751086527064
5-21-24-33-35-38,0.751086527064
5-21-32-33-38,0.751086527064
5-21-32-34-35-37,0.750987751877
5-18-24-32-36-37,0.750888976689
5-18-32-38,0.750888976689
5-21-24-32-33-34-38,0.750888976689
5-24-32-35,0.750888976689
5-21-24-32-34-35,0.750888976689
5-32-33-34-38,0.750888976689
5-32-36-37,0.750888976689
5-24-32-34-35-36-38,0.750888976689
5-18-32-33-34-38,0.750888976689
5-24-32-33-34-36-37,0.750888976689
5-21-32-34-36-37,0.750888976689
5-18-24-32-33-34-37,0.750888976689
5-21-24-32-33-37,0.750888976689
5-21-32-34-38,0.750888976689
5-18-21-24-32-35-37,0.750888976689
5-24-32-33-34-38,0.750888976689
5-18-32-33-38,0.750888976689
5-21-32-33-34-38,0.750888976689
5-18-24-32-33-37,0.750888976689
5-24-32-33-37,0.750888976689
5-18-21-32-34-36,0.750888976689
5-18-21-32-36-37,0.750888976689
5-18-21-24-32-33-37,0.750888976689
5-32-33-38,0.750888976689
5-18-21-32-34-35-37,0.750888976689
5-18-21-32-34-36-37,0.750888976689
5-18-24-32-33-34-38,0.750888976689
5-21-24-32-35-37,0.750888976689
5-18-21-24-32-36-37,0.750888976689
5-24-35-38,0.750888976689
5-21-32-36-37,0.750888976689
5-18-21-32-33-34-38,0.750888976689
5-18-32-36-37,0.750888976689
5-21-24-32-36-37,0.750888976689
5-21-24-32-35,0.750888976689
5-21-24-32-35-36-38,0.750888976689
5-24-32-33-34-37,0.750691426314
5-18-32-33-36-37,0.750691426314
5-18-21-24-32,0.750691426314
5-21-24-32-34-36-37,0.750691426314
5-24-32-33-34-35,0.750691426314
5-24-32-34-36,0.750691426314
5-32-34-36-37,0.750691426314
5-24-32-36-37,0.750691426314
5-18-21-24-32-37,0.750691426314
5-18-21-24-32-33,0.750691426314
5-21-32-33-34,0.750691426314
5-24-32-34-35,0.750691426314
5-32-38,0.750691426314
5-24-32-33,0.750691426314
5-24-32-33-34-36-38,0.750691426314
5-18-24-32-36-37-38,0.750691426314
5-21-24-32-33,0.750691426314
5-21-24-32,0.750691426314
5-18-21-32-35-37,0.750691426314
5-24-32-34-36-37,0.750691426314
5-32-33-34,0.750691426314
5-24-32,0.750691426314
5-18-24-32-34-35-37,0.750691426314
5-21-24-32-33-34-35,0.750691426314
5-24-32-34-36-37-38,0.750691426314
5-18-21-24-32-34-36,0.750493875938
5-18-32-33-34,0.750493875938
5-32-33,0.750493875938
5-18-24-32-34-37,0.750493875938
5-18-21-24-32-36,0.750493875938
5-18-32-37,0.750493875938
5-32-33-34-36-37,0.750493875938
5-18-21-32-33-34,0.750493875938
5-18-24-32,0.750493875938
5-21-24-32-33-34-36,0.750493875938
5-18-21-24-32-34-37,0.750493875938
5-21-32-33,0.750493875938
5-18-32-33-34-36-37,0.750493875938
5-21-24-32-33-36-38,0.750493875938
5-18-24-32-35-37,0.750493875938
5-18-32-34-37,0.750493875938
5-24-32-33-36-38,0.750493875938
5-18-21-32-34-37,0.750395100751
5-21-24-32-34-36,0.750296325563
5-21-32-36,0.750296325563
5-18-24-32-36,0.750296325563
5-21-32-34-37,0.750296325563
5-32-36,0.750296325563
5-18-24-32-33-36-38,0.750296325563
5-18-24-32-33,0.750296325563
5-18-21-32-37,0.750296325563
5-24-32-33-34-36,0.750296325563
5-21-32-34-36,0.750296325563
5-18-24-32-34-36-37,0.750296325563
5-21-24-32-33-36,0.750296325563
5-18-24-32-34-36,0.750296325563
5-18-24-32-37,0.750296325563
5-21-32-37,0.750296325563
5-24-32-37,0.750296325563
5-32-34-37,0.750296325563
5-21-24-32-36,0.750296325563
5-32-37,0.750296325563
5-21-24-32-34-37,0.750197550375
5-18-21-32,0.750098775188
5-18-32,0.750098775188
5-18-24-32-33-36,0.750098775188
5-18-32-33-36,0.750098775188
5-21-32-33-36,0.750098775188
5-18-24-32-33-34-36,0.750098775188
5-24-32-34-37,0.750098775188
5-18-21-32-33-36,0.750098775188
5-32,0.749901224812
5-24-32-36,0.749901224812
5-32-34-36,0.749901224812
5-18-21-24-32-33-36,0.749901224812
5-32-33-36,0.749901224812
5-24-32-33-36,0.749901224812
5-18-32-36,0.749901224812
5-18-32-33-34-36,0.749901224812
5-21-32,0.749901224812
5-18-21-32-36,0.749901224812
5-18-21-32-33-34-36,0.749901224812
5-18-21-24-32-34,0.749901224812
5-18-21-24-32-33-34,0.749703674437
5-24-32-33-34,0.749703674437
5-18-24-32-33-34,0.749703674437
5-21-32-33-34-36,0.749703674437
5-21-32-34,0.749703674437
5-32-33-34-36,0.749703674437
5-21-24-32-33-34,0.749703674437
5-18-24-32-34,0.749703674437
5-18-21-32-34,0.749703674437
5-24-32-34,0.749506124062
5-21-24-32-34,0.749506124062
5-32-34,0.749506124062
5-18-32-34,0.749506124062
5-18-32-34-36,0.749111023311
21-24-32-34-36-37-38,0.736467799289
32-36-37-38,0.736434108527
18-21-32-33-34-35,0.736270248913
32-34-36-37-38,0.736235340887
18-21-24-32-34,0.736072698538
18-21-24-32-33-34-36,0.736072698538
21-24-32-34-35,0.736072698538
18-21-24-32-34-36,0.736072698538
21-32-34-36,0.736072698538
21-32-33-34-36-37-38,0.736072698538
24-32-34-35-36,0.736072698538
21-32-36-37-38,0.735875148163
21-24-32-33-36-37-38,0.735875148163
21-32-34-35,0.735875148163
18-21-24-32-34-35,0.735875148163
18-21-24-32-33-34-35,0.735776372975
21-24-32-33-34-36,0.735677597787
24-32-35-36,0.735677597787
21-32-34-36-37-38,0.735677597787
18-24-32-36-37,0.735677597787
18-24-32-35-36,0.735677597787
18-21-32-33-34-36,0.735677597787
21-24-32-36-37,0.735677597787
18-21-32-36,0.735677597787
18-21-32-34-36-37-38,0.735677597787
21-24-32-36,0.735677597787
21-24-32-34-36,0.735677597787
32-35-36,0.735639037965
32-34-36,0.735639037965
32-33-34-37-38,0.735639037965
32-33-37-38,0.735639037965
18-21-24-32-33-36,0.735480047412
21-32-35,0.735480047412
18-32-36-37-38,0.735480047412
21-32-34-36-38,0.735480047412
21-24-32-35-36-38,0.735480047412
21-24-32-36-37-38,0.735480047412
21-24-32-33-35-36,0.735480047412
18-21-32-36-37-38,0.735480047412
18-21-24-32-35,0.735480047412
18-24-32-34-35,0.735480047412
18-21-32-34-36-38,0.735480047412
21-24-32-34-35-36,0.735480047412
21-24-32-35,0.735480047412
18-21-24-32-35-36-38,0.735480047412
18-24-32-33-36-37-38,0.735480047412
21-32-33-34-36,0.735480047412
32-34-35-36,0.735440270324
21-24-32-34-35-36-38,0.735282497037
24-32-33-34-36-37-38,0.735282497037
18-21-32-34-35,0.735282497037
18-32-34-36-38,0.735282497037
18-24-32-34-36-37-38,0.735282497037
21-32-33-34-35,0.735282497037
21-32-33-35-36-37,0.735282497037
18-32-34-36-37-38,0.735282497037
18-21-24-32-36-37-38,0.735282497037
18-24-32-34-36-37,0.735282497037
21-24-32-34-36-38,0.735282497037
18-21-32-33-35-36-38,0.735282497037
18-21-32-33-36-37-38,0.735282497037
24-32-33-36-37-38,0.735282497037
18-21-24-32-36,0.735282497037
21-24-32-33-36,0.735282497037
32-36-37,0.735241502683
32-36-38,0.735241502683
32-36,0.735241502683
32-33-36-37-38,0.735241502683
32-33-34-36-37-38,0.735241502683
32-34-36-38,0.735241502683
32-34-35,0.735241502683
18-32-33-36-37-38,0.735084946661
18-21-24-32-33-35,0.735084946661
21-32-33-36-37-38,0.735084946661
21-32-35-36,0.735084946661
18-24-32-34-35-36,0.735084946661
18-21-32-33-35-36-37,0.735084946661
21-32-33-34-35-36-37,0.735084946661
18-21-24-32-34-36-38,0.735084946661
18-24-32-34-37-38,0.735084946661
21-24-32-33-35-36-37,0.735084946661
24-32-34-36,0.735084946661
18-32-34-36,0.735084946661
18-24-32-33-36,0.735084946661
18-32-34-35,0.735084946661
21-32-33-34-35-36,0.735084946661
21-32-36,0.735084946661
24-32-36-37,0.735084946661
18-21-24-32-34-37-38,0.735084946661
18-24-32-36-37-38,0.735084946661
18-32-33-34-37-38,0.735084946661
18-21-32-33-35-36,0.735084946661
18-32-36-37,0.735084946661
18-21-32-33-35,0.735084946661
21-24-32-35-36,0.735084946661
18-24-32-33-35-36-38,0.734986171474
21-32-33-34-36-38,0.734887396286
18-21-32-35,0.734887396286
21-24-32-34-37-38,0.734887396286
18-32-33-34-36-37-38,0.734887396286
18-21-24-32-36-37,0.734887396286
21-24-32-33-34,0.734887396286
18-21-24-32-34-36-37,0.734887396286
21-24-32-33-34-35-36,0.734887396286
21-32-35-36-38,0.734887396286
21-32-33-35,0.734887396286
18-21-32-34,0.734887396286
24-32-36-37-38,0.734887396286
21-32-34-35-36-38,0.734887396286
18-21-32-33-34-36-38,0.734887396286
18-21-32-33-34-36-37,0.734887396286
18-24-32-33-36-37,0.734887396286
21-32-33-36,0.734887396286
18-32-33-37-38,0.734887396286
18-21-32-37-38,0.734887396286
18-32-33-34-35-36,0.734887396286
18-24-32-33-35-36-37,0.734887396286
21-24-32,0.734887396286
18-32-33-34-35-36-37,0.734887396286
24-32-34-37-38,0.734887396286
18-32-33-36-37,0.734887396286
18-21-24-32-33-34,0.734887396286
18-21-32-34-36,0.734887396286
21-24-32-33-35-36-38,0.734887396286
24-32-34-36-37-38,0.734887396286
18-32-35-36,0.734887396286
32-33-34-35-36-37,0.734843967402
32-35,0.734843967402
32-33-35-36-37,0.734843967402
32-33-37,0.734843967402
32-37,0.734843967402
32-34-36-37,0.734843967402
18-21-32-35-37,0.734689845911
21-32-34-35-36,0.734689845911
18-21-32-34-37-38,0.734689845911
18-21-32-33-34-35-36,0.734689845911
21-32-36-38,0.734689845911
18-24-32-34-35-36-37,0.734689845911
18-24-32-35,0.734689845911
18-21-32-36-38,0.734689845911
18-24-32-33-34-35-36,0.734689845911
21-32-37-38,0.734689845911
21-32-33-35-36-38,0.734689845911
21-32-33-35-36,0.734689845911
18-21-32-34-35-36-38,0.734689845911
24-32-34-38,0.734689845911
18-24-32-34-36,0.734689845911
24-32-33-36,0.734689845911
18-32-33-35-36-37,0.734689845911
32-35-36-37,0.734645199761
32-34-35-36-37,0.734645199761
32-33-36-37,0.734645199761
32-33-36,0.734645199761
24-32-33-34-37-38,0.734591070723
18-24-32-33-36-38,0.734492295535
21-24-32-34,0.734492295535
18-32-34-35-36-37,0.734492295535
18-21-24-32-37-38,0.734492295535
18-21-32-33-36,0.734492295535
21-24-32-33-34-36-38,0.734492295535
21-32-34-37-38,0.734492295535
18-32-33-35-36,0.734492295535
18-32-34-35-36,0.734492295535
18-21-24-32-33-37-38,0.734492295535
21-24-32-33-37-38,0.734492295535
24-32-35,0.734492295535
21-24-32-37-38,0.734492295535
24-32-37-38,0.734492295535
18-21-24-32-34-35-36,0.734492295535
18-21-32-35-36-38,0.734492295535
18-24-32-33-34,0.734492295535
18-24-32-36,0.734492295535
21-32-33-34-35-36-38,0.734492295535
24-32-36,0.734492295535
21-24-32-36-38,0.734492295535
21-32-36-37,0.734492295535
21-24-32-33-34-36-37,0.734492295535
18-21-24-32-33-36-38,0.734492295535
18-24-32-33-34-36,0.734492295535
24-32-37,0.734492295535
21-24-32-33-36-38,0.734492295535
18-24-32-37,0.734492295535
32-33-34-36,0.734446432121
32-33-36-38,0.734446432121
32-33-34-36-38,0.734446432121
32-35-36-38,0.734446432121
24-32-34-35,0.73429474516
21-24-32-35-36-37,0.73429474516
18-24-32-33-34-37-38,0.73429474516
18-24-32-33-35-36,0.73429474516
18-24-32-33-37-38,0.73429474516
18-24-32-37-38,0.73429474516
18-32-35,0.73429474516
18-24-32-34,0.73429474516
24-32-33-36-37,0.73429474516
21-24-32-34-36-37,0.73429474516
18-32-33-36,0.73429474516
21-24-32-35-37,0.73429474516
24-32-34-36-37,0.73429474516
18-24-32-36-38,0.73429474516
18-21-32-36-37,0.73429474516
21-32-35-37,0.73429474516
18-32-37,0.73429474516
18-21-32-33-34,0.73429474516
18-24-32-33-34-35,0.73429474516
18-24-32-34-35-36-38,0.73429474516
24-32-33-35-36-37,0.73429474516
18-32-33-34-36-38,0.73429474516
18-24-32-35-36-37,0.73429474516
18-21-32-35-36,0.73429474516
18-21-24-32-36-38,0.73429474516
18-32-35-37,0.73429474516
24-32-33-37,0.73429474516
18-21-32-35-36-37,0.73429474516
24-32-33-37-38,0.73429474516
18-21-24-32-35-36,0.73429474516
18-21-24-32-35-36-37,0.73429474516
18-21-24-32-33-36-37,0.73429474516
18-32-36-38,0.73429474516
18-21-32-33-36-37,0.73429474516
32-37-38,0.73424766448
32-34-37-38,0.73424766448
32-34-37,0.73424766448
32-33-34-37,0.73424766448
21-32-33-34-37-38,0.734097194785
18-32-33-37,0.734097194785
21-24-32-33-34-37-38,0.734097194785
24-32-36-38,0.734097194785
21-32-33-34-36-37,0.734097194785
18-21-32-34-38,0.734097194785
18-24-32-35-37,0.734097194785
18-24-32-33-37,0.734097194785
18-24-32-33-34-38,0.734097194785
24-32-34,0.734097194785
18-32-36,0.734097194785
24-32,0.734097194785
18-21-24-32-33-34-38,0.734097194785
18-21-32-33-34-35-38,0.734097194785
21-32-35-36-37,0.734097194785
24-32-34-36-38,0.734097194785
18-32-33-34-36,0.734097194785
21-24-32-33-35,0.734097194785
24-32-33-34-37,0.734097194785
24-32-34-35-36-38,0.734097194785
18-21-32-33-34-37-38,0.734097194785
18-21-24-32-35-37,0.734097194785
18-21-24-32-33-35-36,0.734097194785
18-21-32-34-35-36,0.734097194785
18-32-33-34-36-37,0.734097194785
18-32-37-38,0.734097194785
24-32-34-37,0.734097194785
18-24-32-34-36-38,0.734097194785
18-24-32-35-36-38,0.734097194785
18-32-35-36-37,0.734097194785
24-32-33-35-36,0.734097194785
24-32-33-34-36,0.734097194785
18-24-32-33-34-36-38,0.734097194785
32-33-35-37,0.73404889684
32-33-34-35,0.73404889684
32-33-35-36-38,0.73404889684
32-33-34-36-37,0.73404889684
32-33-35,0.73404889684
32-33-35-36,0.73404889684
21-32-33-34,0.733899644409
18-32-34-37-38,0.733899644409
18-32-34-38,0.733899644409
24-32-38,0.733899644409
21-32-33-37-38,0.733899644409
18-21-32-34-35-37,0.733899644409
21-32-34-35-38,0.733899644409
21-32-38,0.733899644409
21-24-32-33-34-38,0.733899644409
21-32-34-38,0.733899644409
24-32-33-34-36-37,0.733899644409
18-32-33-36-38,0.733899644409
18-21-32-34-35-36-37,0.733899644409
24-32-35-36-37,0.733899644409
21-32-33-35-37,0.733899644409
24-32-33-34-35-36-37,0.733899644409
24-32-33-34-35-36,0.733899644409
21-32-33-36-37,0.733899644409
18-24-32-33-34-36-37,0.733899644409
24-32-33-36-38,0.733899644409
18-21-32-33-37-38,0.733899644409
18-32-34-35-36-38,0.733899644409
21-32-34-35-36-37,0.733899644409
21-32,0.733899644409
21-32-33-37,0.733899644409
18-32-33-35-38,0.733899644409
18-32-34-36-37,0.733899644409
18-21-24-32,0.733899644409
18-21-32-33-35-38,0.733899644409
18-21-32-33-34-35-37,0.733899644409
32-33-34-35-38,0.733850129199
32-34,0.733850129199
32-33-34-35-37,0.733850129199
32-34-35-36-38,0.733850129199
24-32-35-36-38,0.733702094034
18-21-32-33-36-38,0.733702094034
24-32-34-35-36-37,0.733702094034
21-24-32-34-38,0.733702094034
21-24-32-33-36-37,0.733702094034
18-21-24-32-34-35-37,0.733702094034
18-21-32,0.733702094034
21-24-32-33,0.733702094034
21-32-33-34-35-37,0.733702094034
18-21-24-32-34-38,0.733702094034
18-32-33-34-35-36-38,0.733702094034
21-24-32-37,0.733702094034
21-32-35-38,0.733702094034
18-24-32-34-38,0.733702094034
21-32-34-36-37,0.733702094034
21-32-33-34-35-38,0.733702094034
18-24-32-34-37,0.733702094034
18-24-32-33-35,0.733702094034
18-32-33-34-35,0.733702094034
21-24-32-33-34-35,0.733702094034
21-32-33-36-38,0.733702094034
21-24-32-33-34-35-37,0.733702094034
18-32-35-36-38,0.733702094034
18-32-33-34-35-37,0.733702094034
32-33-35-38,0.733651361558
32-34-35-37-38,0.733651361558
32-35-38,0.733651361558
24-32-33,0.733504543659
21-24-32-33-35-37,0.733504543659
18-21-32-38,0.733504543659
21-24-32-38,0.733504543659
21-24-32-33-37,0.733504543659
18-21-32-34-36-37,0.733504543659
18-21-32-33-34-38,0.733504543659
21-32-34-35-37,0.733504543659
24-32-33-34-36-38,0.733504543659
24-32-33-35,0.733504543659
18-21-32-37,0.733504543659
18-21-32-33-37,0.733504543659
18-21-24-32-33-34-37,0.733504543659
21-24-32-33-38,0.733504543659
18-24-32-34-35-37,0.733504543659
24-32-33-34,0.733504543659
18-24-32-33-35-37-38,0.733504543659
21-24-32-34-35-37,0.733504543659
18-32-34,0.733504543659
21-24-32-34-35-36-37,0.733504543659
24-32-33-34-35-37,0.733504543659
32-33-34,0.733452593918
32-34-38,0.733452593918
32-34-35-38,0.733452593918
32-34-35-37,0.733452593918
32-33-34-35-36,0.733452593918
32-33-34-35-36-38,0.733452593918
18-32-34-35-37,0.733306993283
21-32-33-35-38,0.733306993283
18-21-24-32-33-37,0.733306993283
18-24-32-33-34-35-37,0.733306993283
24-32-33-34-35,0.733306993283
18-21-32-33-35-37,0.733306993283
18-24-32-33-34-37,0.733306993283
24-32-33-34-35-36-38,0.733306993283
18-32-33-35-36-38,0.733306993283
18-24-32-33-34-35-38,0.733306993283
18-21-24-32-38,0.733306993283
18-32-34-35-38,0.733306993283
18-21-32-33,0.733306993283
18-32-33-34-35-38,0.733306993283
18-32-33-34-37,0.733306993283
18-32-34-37,0.733306993283
18-21-24-32-33-35-37,0.733306993283
24-32-35-37-38,0.733306993283
32-35-37-38,0.733253826277
32-38,0.733253826277
32-35-37,0.733253826277
32-33,0.733253826277
24-32-34-35-37-38,0.733109442908
21-32-33-34-38,0.733109442908
18-32-33-35,0.733109442908
21-32-34,0.733109442908
18-32-33-35-37,0.733109442908
18-21-32-34-37,0.733109442908
18-21-24-32-37,0.733109442908
18-21-32-34-35-38,0.733109442908
18-32-33,0.733109442908
21-24-32-34-37,0.733109442908
21-32-33,0.733109442908
24-32-33-35-37-38,0.733109442908
18-24-32-33-35-37,0.733109442908
21-24-32-33-34-37,0.733109442908
18-21-32-35-38,0.733109442908
32,0.733055058636
32-33-35-36-37-38,0.733055058636
32-33-34-35-37-38,0.733055058636
32-33-34-38,0.733055058636
32-33-35-37-38,0.733055058636
32-33-34-35-36-37-38,0.733055058636
24-32-33-38,0.73301066772
18-24-32-34-35-38,0.732911892533
18-24-32-38,0.732911892533
18-32,0.732911892533
18-21-24-32-34-37,0.732911892533
24-32-33-34-38,0.732911892533
24-32-33-35-36-38,0.732911892533
24-32-33-35-36-37-38,0.732911892533
24-32-33-35-37,0.732911892533
18-24-32-35-37-38,0.732911892533
21-32-37,0.732911892533
18-21-24-32-34-35-38,0.732911892533
18-24-32-34-35-37-38,0.732911892533
24-32-35-36-37-38,0.732911892533
18-32-33-34-38,0.732911892533
32-33-38,0.732856290996
24-32-35-37,0.732714342157
24-32-33-34-35-37-38,0.732714342157
18-24-32-35-38,0.732714342157
21-32-34-37,0.732714342157
24-32-34-35-37,0.732714342157
18-24-32,0.732714342157
18-21-24-32-33-38,0.732714342157
18-32-33-35-37-38,0.732714342157
21-32-33-34-37,0.732714342157
18-21-24-32-35-37-38,0.732714342157
18-24-32-35-36-37-38,0.732516791782
18-24-32-33-35-38,0.732516791782
18-32-33-34,0.732516791782
21-24-32-35-36-37-38,0.732516791782
18-32-35-38,0.732516791782
18-32-33-34-35-37-38,0.732516791782
18-24-32-33-38,0.732516791782
18-32-38,0.732516791782
18-21-24-32-33,0.732516791782
32-34-35-36-37-38,0.732458755715
18-21-24-32-33-35-38,0.732418016594
18-32-34-35-37-38,0.732319241407
21-24-32-33-34-35-38,0.732319241407
18-21-32-33-34-37,0.732319241407
18-32-35-37-38,0.732121691031
21-24-32-33-35-37-38,0.732121691031
21-32-34-35-37-38,0.732121691031
24-32-35-38,0.732121691031
21-32-35-37-38,0.732121691031
18-21-32-34-35-37-38,0.732121691031
21-24-32-35-37-38,0.732121691031
21-32-33-38,0.732121691031
18-32-33-35-36-37-38,0.732121691031
32-35-36-37-38,0.732061220433
21-32-33-35-36-37-38,0.731924140656
18-21-32-35-36-37-38,0.731924140656
18-21-32-35-37-38,0.731924140656
18-24-32-33,0.731924140656
24-32-33-35-38,0.731924140656
21-24-32-35-38,0.731924140656
21-24-32-34-35-38,0.731924140656
18-21-32-33-35-37-38,0.731924140656
18-32-33-38,0.731924140656
24-32-34-35-36-37-38,0.731924140656
18-21-32-33-38,0.731924140656
18-21-24-32-35-38,0.731924140656
21-24-32-33-35-38,0.731726590281
18-32-34-35-36-37-38,0.731726590281
21-32-34-35-36-37-38,0.731726590281
21-24-32-34-35-37-38,0.731726590281
21-32-35-36-37-38,0.731726590281
18-32-35-36-37-38,0.731726590281
21-32-33-35-37-38,0.73133148953
21-32-33-34-35-37-38,0.73133148953
24-32-33-34-35-38,0.731133939154
24-32-34-35-38,0.730738838404
18-21-24-33-35-37-38,0.708218095614
18-21-24-33-35-36-37,0.707427894113
18-33-35-36-38,0.706835242987
18-24-33-35-36-37,0.706637692612
18-21-24-33-35-37,0.706440142236
18-24-33-34-35-37-38,0.706045041486
18-24-33-35-36-37-38,0.706045041486
18-21-33-35-36-37-38,0.70584749111
18-24-33-35-37-38,0.70545239036
18-33-35-38,0.705254839984
18-21-24-33-35-36,0.705156064797
18-21-33-35-37-38,0.704859739234
18-21-24-33-35,0.704859739234
18-21-33-35-36,0.704662188858
18-21-33-35-36-37,0.704464638483
18-21-33-35-38,0.704267088107
18-21-24-33-34-35-37,0.703871987357
18-24-33-35,0.703476886606
18-21-33-34-35-38,0.703476886606
18-33-34-35-37,0.703476886606
18-21-33-34-35-37-38,0.703476886606
18-24-33-35-37,0.703476886606
18-24-33-34-35-36,0.703279336231
18-24-33-35-36-38,0.703279336231
18-21-33-35,0.70288423548
18-33-35-36-37,0.70288423548
18-21-33-34-35-36-38,0.70288423548
18-33-34-35-37-38,0.70288423548
18-21-33-35-36-38,0.702686685105
18-21-33-35-37,0.702686685105
18-33-35-36,0.702489134729
18-21-24-33-34-35-36,0.702390359542
18-33-34-35-36-37-38,0.702094033979
18-24-33-34-35-36-37,0.702094033979
18-24-33-34-35-37,0.701896483603
18-21-24-33-35-38,0.701797708416
18-21-24-33-34-35-38,0.701698933228
18-21-24-33-35-36-38,0.701698933228
18-33-35-36-37-38,0.701698933228
18-33-35-37-38,0.701698933228
18-24-33-35-36,0.701501382853
18-24-33-35-38,0.701303832477
18-33-35-37,0.701303832477
18-21-33-34-35-36-37,0.701106282102
18-33-34-35-38,0.701106282102
18-21-33-34-35-37,0.701106282102
18-33-34-35-36-38,0.700908731727
18-24-33-34-35-38,0.700908731727
18-21-35-37-38,0.700908731727
18-33-35,0.700711181351
21-24-33-34-35-37-38,0.700711181351
18-33-34-35-36-37,0.700316080601
18-24-33-34-35,0.700217305413
18-21-33-34-35,0.700118530225
18-35-36-37-38,0.69992097985
18-24-33-34-35-36-38,0.69992097985
18-21-24-34-35-37-38,0.699525879099
18-21-33-34-35-36,0.699229553536
18-21-24-33-34-35,0.699130778348
18-33-34-35,0.698933227973
18-33-34-35-36,0.698340576847
18-21-35-36-37-38,0.697945476096
18-34-35-37-38,0.697747925721
18-21-24-35-36-37-38,0.697550375346
21-24-33-34-35-38,0.69735282497
18-34-35-36-37-38,0.697155274595
18-21-34-35-37-38,0.697155274595
18-21-24-35-37-38,0.696562623469
18-21-34-35-36-37-38,0.696365073094
21-24-33-34-35-36-38,0.695969972343
18-24-34-35-36-37-38,0.695969972343
18-24-35-37-38,0.695179770842
18-21-24-33-36-37-38,0.694883445279
21-24-33-35-36-37-38,0.694192018965
18-24-34-35-37-38,0.693994468589
18-21-24-34-35-38,0.693796918214
18-35-37-38,0.693796918214
18-21-35-38,0.693599367839
18-21-35-36-38,0.693599367839
18-21-24-35-36-38,0.693401817463
18-24-35-36-37-38,0.693204267088
18-24-35-38,0.693006716713
18-21-24-35-38,0.692809166337
21-33-34-35-37-38,0.692809166337
21-33-34-35-36-37-38,0.692611615962
18-24-34-35-38,0.692414065587
18-24-35-36-38,0.692018964836
18-35-38,0.692018964836
18-24-34-35-36-38,0.691821414461
21-33-34-35-36-38,0.691623864085
18-21-34-35-36-38,0.691623864085
18-34-35-36-38,0.69142631371
18-24-33-34-36-37,0.69142631371
21-24-33-35-37-38,0.691129988147
18-21-24-34-35-36-38,0.690636112209
21-33-34-35-38,0.690241011458
21-24-33-35-36-37,0.690241011458
21-33-35-37-38,0.689648360332
18-35-36-38,0.689648360332
18-21-34-35-38,0.689648360332
21-24-33-34-35-36-37,0.689549585144
21-33-35-36-37-38,0.689253259581
21-33-35-36-37,0.689253259581
21-24-34-35-36-37-38,0.688858158831
18-21-24-33-34-36-37,0.688660608455
18-34-35-38,0.68846305808
24-33-34-35-36-38,0.688265507704
21-24-33-34-35-37,0.688265507704
24-33-34-35-37-38,0.687672856578
21-33-35-38,0.687475306203
18-21-33-36-37-38,0.687475306203
24-33-34-35-36-37-38,0.687080205452
18-24-33-34-36-37-38,0.687080205452
18-21-24-33-36-37,0.687080205452
21-24-33-35-38,0.686882655077
18-21-33-34-36-37-38,0.686882655077
21-33-35-36-38,0.686685104702
24-33-34-35-38,0.686685104702
18-21-24-33-36-38,0.686487554326
18-24-33-36-37,0.686487554326
18-21-24-34-36-37-38,0.686092453576
21-24-33-34-35-36,0.6858949032
18-24-33-36-37-38,0.68549980245
21-24-34-35-37-38,0.68549980245
18-35-37,0.685302252074
21-33-34-35-36-37,0.685104701699
21-34-35-36-37-38,0.685104701699
21-24-33-34-36-37-38,0.684512050573
21-33-34-35-37,0.684314500198
18-21-24-33-37,0.683919399447
21-33-34-35-36,0.683919399447
18-21-33-34-36-37,0.683919399447
18-21-24-33-37-38,0.683721849072
21-24-33-35-36-38,0.683721849072
21-33-34-35,0.683524298696
18-21-24-33-34-37-38,0.683524298696
18-21-24-33-36,0.683326748321
18-21-33-34-37,0.683129197945
18-33-34-36-37-38,0.683129197945
24-33-34-35-36-37,0.683129197945
18-34-35-36-37,0.682536546819
21-24-33-34-35,0.682536546819
18-24-35-36-37,0.682338996444
18-21-34-35-36-37,0.682338996444
18-21-24-34-35-36-37,0.682141446069
18-21-24-34-37-38,0.682141446069
21-24-33-35-37,0.682141446069
18-21-33-36,0.681943895693
18-33-36-37,0.681943895693
18-21-24-35-36-37,0.681746345318
21-33-35-37,0.681746345318
18-24-33-37,0.681746345318
18-21-35-36-37,0.681548794943
18-21-33-36-38,0.681548794943
21-24-33-36-37-38,0.681548794943
18-33-34-36-37,0.681351244567
18-21-24-33-34-36-38,0.681351244567
18-24-33-34-36-38,0.681153694192
18-21-33-34-36-38,0.681153694192
18-21-33-36-37,0.681153694192
34-35-36-37-38,0.681153694192
33-34-35-36-38,0.681153694192
18-24-35-37,0.681153694192
18-24-33-34-37-38,0.681153694192
18-35-36-37,0.681153694192
18-21-24-33-34-37,0.680956143817
18-24-33-36,0.680758593441
21-34-35-37-38,0.680561043066
18-21-24-33-34,0.680363492691
21-24-35-36-37-38,0.680363492691
18-24-33-34-37,0.680165942315
33-34-35-36-37-38,0.680165942315
18-24-33-36-38,0.67996839194
18-21-34-35-37,0.67996839194
21-24-34-35-36-38,0.67996839194
18-21-24-36-37-38,0.679770841565
24-34-35-36-37-38,0.679573291189
18-21-24-33-34-38,0.679573291189
21-24-33-34-36-37,0.679573291189
18-34-35-37,0.679573291189
18-21-35-37,0.679573291189
18-24-34-35-36-37,0.679573291189
33-34-35-38,0.679375740814
18-21-34-36-37-38,0.679178190439
24-33-34-35-36,0.679178190439
18-24-33-34-36,0.678980640063
24-33-34-35-37,0.678980640063
21-24-34-35-38,0.6786843145
18-21-34-35-36,0.678585539313
18-24-33-34-38,0.678585539313
18-33-36,0.678387988937
24-34-35-37-38,0.678190438562
18-21-33-38,0.677992888186
18-21-24-35-37,0.677992888186
18-21-33-37,0.677992888186
18-21-24-34-35-37,0.677795337811
21-34-35-38,0.677795337811
33-34-35-37-38,0.677597787436
24-33-35-36-37-38,0.67740023706
18-33-36-37-38,0.677202686685
18-21-34-35,0.677202686685
18-34-36-37-38,0.677202686685
18-21-33-34-36,0.677202686685
21-33-34-36-37-38,0.67700513631
18-21-24-33-38,0.67700513631
18-33-37,0.67700513631
18-21-24-33-34-36,0.676906361122
18-33-36-38,0.676807585934
21-34-35-36-38,0.676807585934
18-21-37-38,0.676807585934
18-35,0.676610035559
18-24-33-37-38,0.676412485184
18-24-34-36-37-38,0.676412485184
18-24-34-35,0.676412485184
18-21-24-33,0.676412485184
18-21-24-37-38,0.676412485184
21-35-36-37-38,0.676214934808
18-21-24-34-35,0.676214934808
18-33-34-36-38,0.676214934808
18-21-33-34-38,0.676017384433
21-24-33-35-36,0.676017384433
21-24-35-37-38,0.676017384433
18-21-33-37-38,0.676017384433
18-21-35-36,0.675819834058
18-21-33-34-37-38,0.675819834058
24-33-34-35,0.675622283682
18-24-35,0.675622283682
24-34-35-36-38,0.675622283682
24-34-35-38,0.675424733307
21-24-33-34-37-38,0.675424733307
18-24-34-35-37,0.675029632556
18-24-34-37-38,0.675029632556
18-24-33-38,0.675029632556
24-33-34-36-37-38,0.674832082181
18-21-35,0.674832082181
18-33-34-36,0.674832082181
18-35-36,0.674634531806
21-33-35-36,0.674634531806
18-33-38,0.67443698143
18-21-33-34,0.67443698143
21-24-33-34-36-38,0.674239431055
18-21-36-37-38,0.674239431055
33-34-35,0.674239431055
18-21-24-34-36-38,0.674239431055
21-24-33-35,0.674140655867
33-34-35-36-37,0.67404188068
24-33-35-37-38,0.67404188068
18-21-34-36-38,0.67404188068
18-21-24-35,0.67404188068
18-24-37-38,0.673844330304
18-21-34-38,0.673844330304
21-35-37-38,0.673646779929
18-24-33-34,0.673449229554
18-21-24-34-35-36,0.673449229554
18-24-34-35-36,0.673449229554
21-24-34-36-37-38,0.673251679178
18-21-34-37-38,0.673054128803
18-33-34-37,0.673054128803
18-24-36-37-38,0.673054128803
18-24-33,0.673054128803
34-35-36-38,0.673054128803
34-35-37-38,0.672856578427
33-34-35-36,0.672856578427
18-34-35-36,0.672856578427
18-34-35,0.672263927301
18-24-34-36-38,0.672263927301
18-36-37-38,0.672263927301
18-33-34-37-38,0.672165152114
21-24-33-34-38,0.672066376926
18-38,0.672066376926
18-33,0.671868826551
18-21-24-35-36,0.671868826551
18-33-37-38,0.671671276175
21-33-35,0.671671276175
18-21-33,0.6714737258
18-24-35-36,0.671374950612
24-33-35-36-37,0.671276175425
18-33-34,0.671078625049
34-35-38,0.671078625049
33-35-36-37-38,0.670881074674
33-34-35-37,0.670881074674
21-24-35-36-38,0.670485973923
18-21-24-36-38,0.670288423548
21-35-38,0.670090873173
18-34-37-38,0.670090873173
18-21-24-34-38,0.670090873173
18-34-36-38,0.670090873173
18-21-24-36-37,0.670090873173
18-24-36-38,0.670090873173
21-33-34-36-38,0.669893322797
21-35-36-38,0.669695772422
18-21-24-38,0.669498222047
18-24-37,0.669498222047
21-33-34-36-37,0.669498222047
24-33-35-36-38,0.669399446859
18-34-38,0.669300671671
24-33-35-38,0.669300671671
24-33-34-36-38,0.669300671671
33-35-36-38,0.668905570921
24-33-34-36-37,0.668905570921
21-24-33-36-37,0.668708020545
18-24-38,0.668708020545
18-21-36-38,0.66851047017
18-21-24-37,0.668312919795
21-34-36-37-38,0.668312919795
21-33-34-37-38,0.668115369419
21-33-36-37-38,0.667917819044
18-21-24-34-37,0.667917819044
18-36-38,0.667917819044
24-33-35-37,0.667720268669
18-21-34-36-37,0.667720268669
18-24-36-37,0.667720268669
21-24-34-37-38,0.667522718293
24-34-36-37-38,0.667127617542
18-33-34-38,0.666930067167
21-24-35-38,0.666930067167
21-24-33-36-38,0.666831291979
33-35-36-37,0.666534966416
33-35-38,0.666534966416
24-33-34-37-38,0.666534966416
21-24-33-34-37,0.666337416041
18-21-36-37,0.666139865666
18-36,0.666139865666
18,0.66594231529
21-24-34-38,0.665744764915
21-24-34-35-36-37,0.665744764915
18-21-24-34-36-37,0.665744764915
18-21-38,0.665744764915
18-37-38,0.665645989727
33-34-36-37-38,0.66554721454
21-34-35-36-37,0.665152113789
21-34-36-38,0.665152113789
24-35-36-37-38,0.664954563414
33-35-37-38,0.664757013038
18-36-37,0.664559462663
21-24-34-36-38,0.664361912288
24-34-36-38,0.664361912288
18-21-37,0.664164361912
24-33-34-38,0.663966811537
24-33-35-36,0.663769261162
18-24-34-37,0.663571710786
24-33-35,0.663374160411
21-24-33-34,0.663275385223
21-24-33-34-36,0.663176610036
21-24-34-35-37,0.663176610036
21-24-33-37-38,0.66258395891
18-24-34-38,0.66258395891
18-24,0.662386408534
18-24-34-36-37,0.661991307783
21-33-36-37,0.661793757408
21-34-35-37,0.661596207033
18-37,0.661596207033
18-34-36-37,0.661596207033
21-33-34-38,0.661596207033
21-24-33-38,0.661398656657
18-21-24-34-36,0.661201106282
21-33-36-38,0.660806005531
24-34-35-36-37,0.660608455156
21-24-36-37-38,0.660410904781
21-34-38,0.660410904781
18-21-34-37,0.660410904781
18-21,0.660410904781
21-34-37-38,0.659818253655
21-33-34-37,0.659818253655
35-36-37-38,0.659620703279
34-35-36-37,0.659423152904
33-35-37,0.659225602529
18-21-24-36,0.659225602529
21-36-37-38,0.659225602529
34-36-37-38,0.658830501778
33-34-36-38,0.658830501778
21-33-34-36,0.658632951403
18-21-36,0.658435401027
21-34-35-36,0.658435401027
24-33-34-37,0.658435401027
33-34-36-37,0.658040300277
34-36-38,0.657447649151
24-35-37-38,0.657250098775
24-33-34-36,0.657250098775
24-33-36-37,0.656953773212
24-34-35-37,0.656854998024
18-24-36,0.656854998024
21-24-37-38,0.656657447649
24-35-38,0.656459897274
33-35-36,0.656262346898
18-21-24,0.656262346898
21-24-33-36,0.656064796523
18-21-34-36,0.655867246148
21-33-37,0.655472145397
21-24-34-35-36,0.655274595022
34-35-37,0.655077044646
24-33-36-37-38,0.655077044646
18-34-36,0.655077044646
18-34-37,0.654681943896
18-24-34-36,0.654681943896
21-24-36-38,0.654385618333
18-21-24-34,0.65408929277
24-35-36-38,0.653891742394
21-33-37-38,0.653694192019
21-34-35,0.653101540893
35-37-38,0.653101540893
21-24-33-37,0.653101540893
21-24-34-36-37,0.652706440142
21-24-35-36-37,0.652311339392
24-34-37-38,0.65152113789
21-33-38,0.65152113789
21-36-38,0.651323587515
18-21-34,0.651126037139
21-37-38,0.650928486764
21-24-34-35,0.650928486764
24-34-35-36,0.650730936389
21-34-36-37,0.650533386013
34-35-36,0.650533386013
18-24-34,0.650138285263
21-35-36-37,0.649743184512
33-35,0.649545634137
21-24-35-37,0.649348083761
35-36-38,0.64855788226
21-24-34-37,0.648360331885
34-35,0.648360331885
21-33-36,0.648162781509
24-33-36-38,0.647767680759
24-33-34,0.647570130383
24-34-38,0.647372580008
35-38,0.646582378507
21-35-37,0.646582378507
18-34,0.646384828131
21-33-34,0.645792177005
24-34-35,0.64559462663
33-34-36,0.645397076254
33-34-38,0.645199525879
24-34-36-37,0.645001975504
21-24-33,0.644606874753
34-38,0.644606874753
21-24-38,0.644409324378
33-34-37-38,0.643816673252
34-37-38,0.643619122876
21-24-34-36,0.642038719874
21-24-36-37,0.641643619123
21-38,0.641446068748
21-24-34,0.640655867246
34-36-37,0.640260766495
33-36-37,0.638680363493
24-33-36,0.638482813117
33-36-37-38,0.638285262742
24-35-36-37,0.638087712367
21-36-37,0.637692611616
24-36-37-38,0.637495061241
24-33-37-38,0.63709996049
24-33-38,0.636902410115
21-34-36,0.636704859739
21-35-36,0.636704859739
21-34-37,0.636704859739
24-34-37,0.635914658238
21-33,0.635322007112
21-24-35-36,0.634729355986
33-34-37,0.633939154484
24-33-37,0.632161201106
24-34,0.632161201106
34-36,0.631370999605
24-34-36,0.630580798104
21-24-37,0.630185697353
21-34,0.629395495851
24-36-38,0.629395495851
33-34,0.62860529435
21-37,0.628210193599
33-36-38,0.627617542473
21-35,0.626827340972
35-36-37,0.626037139471
21-24-35,0.625444488345
24-35-37,0.624654286843
24-36-37,0.624259186092
24-33,0.623271434216
34-37,0.621888581588
24-38,0.621295930462
24-37-38,0.618233899644
33-36,0.616357171079
36-37-38,0.615962070328
21-24-36,0.615566969577
21,0.615270644014
35-37,0.614974318451
21-36,0.614776768076
21-24,0.614776768076
34,0.614480442513
24-35-36,0.611023310944
24-35,0.609838008692
33-37-38,0.608257605689
33-37,0.607269853813
35,0.606084551561
36-38,0.605887001185
35-36,0.60568945081
36-37,0.600750691426
33-38,0.598380086922
24-37,0.596997234295
24-36,0.595614381667
37-38,0.590478071908
33,0.589687870407
24,0.586625839589
38,0.585440537337
36,0.561833267483
37,0.556795732912
