3-6-7-11-12,0.770586241952
4-6-7-11-12,0.770586241952
1-2-7-11-12,0.769908505591
2-6-7-11-12,0.769908505591
1-3-7-11-12,0.769908505591
6-7-8-11-12,0.769908505591
1-4-7-11-12,0.769569637411
3-7-8-11-12,0.769569637411
3-4-6-7-11,0.769569637411
1-6-7-11-12,0.769569637411
3-4-5-7-11,0.769230769231
1-4-5-7-11,0.769230769231
1-2-7-8-11,0.769230769231
5-7-8-11-12,0.769230769231
1-4-6-7-11,0.769230769231
5-6-7-11-12,0.769230769231
1-2-6-7-11,0.769230769231
2-7-8-11-12,0.769230769231
1-2-5-7-11,0.769230769231
2-4-7-11-12,0.76889190105
1-4-7-8-11,0.76889190105
3-4-7-11-12,0.76889190105
3-6-7-8-11,0.76889190105
2-3-7-11-12,0.76889190105
3-4-7-8-11,0.76889190105
2-3-7-8-11,0.76889190105
1-7-8-11-12,0.76889190105
1-3-8-10-11,0.76855303287
3-8-9-11-12,0.76855303287
1-3-5-7-11,0.76855303287
1-3-4-7-11,0.76855303287
2-3-6-7-11,0.76855303287
4-7-8-11-12,0.76855303287
1-5-6-7-11,0.76855303287
1-3-7-8-11,0.76855303287
1-3-7-10-11,0.76821416469
2-4-8-9-11,0.76821416469
2-8-9-11-12,0.76821416469
4-8-9-11-12,0.76821416469
3-5-7-11-12,0.76821416469
3-5-6-7-11,0.76821416469
4-5-6-7-11,0.76821416469
4-5-8-10-11,0.76821416469
2-4-7-8-11,0.76821416469
1-5-7-11-12,0.76821416469
1-2-4-7-11,0.76821416469
1-6-7-8-11,0.76821416469
1-2-3-7-11,0.76821416469
2-5-8-9-11,0.76821416469
2-3-8-9-11,0.76787529651
5-6-7-8-11,0.76787529651
2-5-8-10-11,0.76787529651
4-6-7-8-11,0.76787529651
4-5-8-9-11,0.76787529651
2-5-6-7-11,0.76787529651
2-4-6-7-11,0.76787529651
4-5-7-11-12,0.76787529651
3-4-8-9-11,0.76787529651
6-7-8-10-11,0.76787529651
1-3-6-7-11,0.76787529651
1-8-9-11-12,0.76787529651
1-2-7-10-11,0.76787529651
5-7-8-10-11,0.767536428329
5-6-7-10-11,0.767536428329
2-3-5-7-11,0.767536428329
1-5-8-10-11,0.767536428329
4-6-7-10-11,0.767536428329
1-4-7-10-11,0.767536428329
2-4-7-10-11,0.767536428329
2-8-9-10-11,0.767536428329
3-5-8-10-11,0.767536428329
2-6-7-8-11,0.767536428329
2-3-4-7-11,0.767536428329
2-6-7-10-11,0.767536428329
5-7-10-11-12,0.767536428329
1-3-8-9-11,0.767536428329
3-5-8-9-11,0.767536428329
3-4-7-10-11,0.767197560149
3-5-7-8-11,0.767197560149
4-5-7-10-11,0.767197560149
6-7-10-11-12,0.767197560149
1-6-8-11-12,0.767197560149
4-6-8-11-12,0.767197560149
4-5-7-8-11,0.767197560149
2-4-5-7-11,0.767197560149
2-3-7-10-11,0.767197560149
2-5-7-10-11,0.767197560149
1-5-7-8-11,0.767197560149
1-4-8-9-11,0.767197560149
1-6-7-10-11,0.767197560149
3-4-8-11-12,0.767197560149
1-5-8-9-11,0.767197560149
2-7-8-10-11,0.767197560149
2-7-10-11-12,0.767197560149
2-5-7-11-12,0.767197560149
3-6-7-10-11,0.767197560149
4-8-9-10-11,0.767197560149
1-2-8-9-11,0.767197560149
1-7-10-11-12,0.767028126059
3-4-6-8-11,0.766858691969
7-8-9-10-11,0.766858691969
5-8-9-11-12,0.766858691969
7-8-10-11-12,0.766858691969
3-5-6-8-11,0.766858691969
3-6-8-11-12,0.766858691969
2-6-8-11-12,0.766858691969
5-7-9-10-11,0.766858691969
1-7-8-10-11,0.766858691969
2-3-8-10-11,0.766858691969
6-7-9-10-11,0.766858691969
2-4-8-10-11,0.766858691969
2-5-7-8-11,0.766858691969
3-7-8-10-11,0.766858691969
1-8-9-10-11,0.766858691969
2-4-5-8-11,0.766858691969
3-7-9-11-12,0.766858691969
4-8-10-11-12,0.766858691969
1-5-6-8-11,0.766858691969
4-7-8-10-11,0.766858691969
2-4-8-11-12,0.766858691969
2-4-6-8-11,0.766858691969
2-3-4-8-11,0.766858691969
2-3-8-11-12,0.766858691969
5-8-10-11-12,0.766519823789
5-8-9-10-11,0.766519823789
1-3-8-11-12,0.766519823789
5-6-8-11-12,0.766519823789
3-4-8-10-11,0.766519823789
2-7-9-10-11,0.766519823789
3-8-9-10-11,0.766519823789
3-7-10-11-12,0.766519823789
2-8-10-11-12,0.766519823789
1-2-8-11-12,0.766519823789
2-3-6-8-11,0.766519823789
1-2-4-8-11,0.766519823789
1-7-9-10-11,0.766519823789
5-6-8-9-11,0.766350389698
8-9-10-11-12,0.766180955608
3-6-7-9-11,0.766180955608
4-7-10-11-12,0.766180955608
1-8-10-11-12,0.766180955608
1-5-7-10-11,0.766180955608
1-4-8-10-11,0.766180955608
1-2-7-9-11,0.766180955608
4-6-7-9-11,0.766180955608
1-6-7-9-11,0.766180955608
1-7-9-11-12,0.766180955608
4-7-9-10-11,0.766180955608
4-7-8-9-11,0.766180955608
2-6-7-9-11,0.766180955608
2-6-8-9-11,0.766180955608
7-9-10-11-12,0.766180955608
6-7-8-9-11,0.766180955608
4-5-8-11-12,0.766180955608
7-8-9-11-12,0.766180955608
1-2-6-8-11,0.766180955608
1-3-4-8-11,0.765842087428
5-6-7-9-11,0.765842087428
6-8-9-11-12,0.765842087428
4-5-7-9-11,0.765842087428
2-3-5-8-11,0.765842087428
1-4-7-9-11,0.765842087428
3-5-7-10-11,0.765842087428
1-4-8-11-12,0.765842087428
4-7-9-11-12,0.765842087428
3-5-7-9-11,0.765842087428
3-7-9-10-11,0.765842087428
2-5-6-8-11,0.765842087428
4-5-6-8-11,0.765842087428
3-4-7-9-11,0.765842087428
2-4-7-9-11,0.765842087428
2-3-7-9-11,0.765503219248
3-6-8-10-11,0.765503219248
1-2-5-8-11,0.765503219248
2-5-7-9-11,0.765503219248
3-4-5-8-11,0.765503219248
1-4-6-8-11,0.765503219248
3-7-8-9-11,0.765503219248
1-2-3-8-11,0.765503219248
3-8-10-11-12,0.765503219248
4-6-8-9-11,0.765503219248
4-6-8-10-11,0.765503219248
2-7-9-11-12,0.765503219248
1-3-7-9-11,0.765503219248
6-8-9-10-11,0.765503219248
5-6-8-10-11,0.765503219248
2-6-8-10-11,0.765503219248
6-7-9-11-12,0.765503219248
5-7-8-9-11,0.765503219248
2-3-7-8-12,0.765164351067
1-3-6-8-11,0.765164351067
2-5-8-11-12,0.765164351067
1-5-7-9-11,0.765164351067
5-7-9-11-12,0.765164351067
1-6-8-10-11,0.765164351067
1-7-8-9-11,0.765164351067
2-7-8-9-11,0.765164351067
1-2-7-8-12,0.765164351067
1-7-9-10-12,0.764825482887
1-3-5-8-11,0.764825482887
5-8-9-10-12,0.764825482887
1-2-8-10-11,0.764825482887
6-8-10-11-12,0.764486614707
1-6-8-9-11,0.764486614707
2-4-7-8-12,0.764486614707
3-5-6-11-12,0.764486614707
3-6-8-9-11,0.764486614707
3-4-5-11-12,0.764486614707
2-7-9-10-12,0.764486614707
3-5-8-11-12,0.764486614707
1-8-9-10-12,0.764486614707
1-4-5-8-11,0.764486614707
4-5-6-11-12,0.764147746527
4-7-9-10-12,0.764147746527
1-5-6-11-12,0.764147746527
1-4-5-11-12,0.764147746527
2-3-5-6-11,0.763808878346
4-6-7-8-12,0.763808878346
3-4-8-10-12,0.763808878346
1-5-8-11-12,0.763808878346
2-4-5-6-11,0.763808878346
2-4-5-11-12,0.763808878346
3-4-5-6-11,0.763808878346
4-8-9-10-12,0.763808878346
3-4-7-8-12,0.763808878346
1-4-5-6-11,0.763808878346
1-3-7-8-12,0.763470010166
1-5-8-9-12,0.763470010166
1-2-5-6-11,0.763470010166
1-6-7-8-12,0.763470010166
6-8-9-10-12,0.763470010166
3-5-8-9-12,0.763470010166
3-7-9-10-12,0.763470010166
2-3-4-5-11,0.763470010166
3-4-5-8-12,0.763470010166
3-6-7-8-12,0.763470010166
2-5-6-11-12,0.763470010166
2-3-5-8-12,0.763470010166
2-8-9-10-12,0.763131141986
2-3-5-11-12,0.763131141986
1-4-5-9-11,0.763131141986
3-5-6-9-11,0.763131141986
1-2-5-9-11,0.763131141986
1-4-5-8-12,0.763131141986
1-4-8-10-12,0.763131141986
1-2-4-5-11,0.763131141986
5-7-8-9-12,0.763131141986
5-6-7-9-12,0.763131141986
3-8-9-10-12,0.763131141986
1-3-4-7-12,0.763131141986
1-5-6-9-11,0.763131141986
1-2-5-8-12,0.763131141986
1-3-5-6-11,0.763131141986
2-6-7-8-12,0.763131141986
2-4-5-9-11,0.763131141986
2-4-5-8-12,0.762792273805
1-3-5-11-12,0.762792273805
1-3-5-8-12,0.762792273805
1-3-4-5-11,0.762792273805
2-3-4-7-12,0.762792273805
2-5-8-9-12,0.762792273805
1-2-3-7-12,0.762792273805
4-5-8-9-12,0.762792273805
1-5-9-11-12,0.762792273805
3-4-5-9-11,0.762792273805
1-2-5-11-12,0.762792273805
4-5-9-11-12,0.762792273805
4-7-8-9-10,0.762792273805
2-5-7-9-10,0.762622839715
1-5-7-9-12,0.762453405625
4-5-7-9-12,0.762453405625
6-7-9-10-12,0.762453405625
3-5-7-9-12,0.762453405625
4-5-7-8-12,0.762453405625
6-7-8-9-12,0.762453405625
3-4-6-7-12,0.762453405625
1-4-7-8-12,0.762453405625
2-5-7-9-12,0.762453405625
5-7-9-10-12,0.762453405625
3-5-9-11-12,0.762453405625
1-2-3-5-11,0.762453405625
2-3-6-7-12,0.762453405625
2-7-8-9-12,0.762114537445
2-6-7-9-12,0.762114537445
1-3-7-9-10,0.762114537445
5-6-7-8-12,0.762114537445
3-5-7-9-10,0.762114537445
2-7-8-9-10,0.762114537445
3-7-8-9-10,0.762114537445
2-3-7-9-10,0.762114537445
1-3-5-9-11,0.762114537445
1-3-6-8-12,0.762114537445
3-4-6-7-9,0.762114537445
4-5-6-9-11,0.761945103355
1-4-7-9-10,0.761775669265
2-4-6-7-12,0.761775669265
1-2-6-7-9,0.761775669265
1-2-6-8-12,0.761775669265
2-5-9-11-12,0.761775669265
3-4-7-9-10,0.761775669265
4-6-8-10-12,0.761775669265
1-6-7-9-12,0.761775669265
4-6-7-9-12,0.761775669265
2-3-5-9-11,0.761775669265
1-2-8-10-12,0.761775669265
3-6-7-9-12,0.761775669265
2-5-6-9-11,0.761775669265
1-5-7-8-12,0.761775669265
1-5-7-9-10,0.761775669265
1-4-6-8-12,0.761775669265
4-5-7-9-10,0.761775669265
1-7-8-9-10,0.761436801084
2-4-8-10-12,0.761436801084
4-5-8-10-12,0.761436801084
3-5-8-10-12,0.761436801084
1-2-4-7-12,0.761436801084
4-7-8-9-12,0.761436801084
1-3-6-7-12,0.761436801084
4-6-7-10-12,0.761436801084
2-3-6-8-12,0.761436801084
3-6-7-9-10,0.761436801084
2-5-6-8-9,0.761436801084
1-3-8-9-12,0.761436801084
2-3-7-10-12,0.761436801084
1-5-8-10-12,0.761436801084
5-6-8-10-12,0.761436801084
2-4-6-8-12,0.761436801084
3-5-9-10-11,0.761436801084
1-6-7-10-12,0.761436801084
2-3-5-10-11,0.761436801084
3-5-7-8-12,0.761436801084
5-6-9-11-12,0.761436801084
1-7-8-9-12,0.761436801084
7-8-9-10-12,0.761097932904
1-5-9-10-11,0.761097932904
6-7-8-9-10,0.761097932904
2-5-8-10-12,0.761097932904
2-3-4-8-12,0.761097932904
2-4-7-9-10,0.761097932904
1-2-6-7-12,0.761097932904
2-3-5-7-12,0.761097932904
2-5-7-8-12,0.761097932904
1-5-6-7-9,0.761097932904
4-5-9-10-11,0.761097932904
4-6-7-9-10,0.761097932904
2-4-5-10-11,0.761097932904
1-6-7-9-10,0.761097932904
2-6-7-9-10,0.760759064724
2-6-8-10-12,0.760759064724
2-5-9-10-11,0.760759064724
2-3-6-7-9,0.760759064724
2-3-8-10-12,0.760759064724
1-2-7-8-9,0.760759064724
1-2-4-8-12,0.760759064724
2-4-6-7-9,0.760759064724
3-4-7-10-12,0.760759064724
2-4-7-9-12,0.760759064724
1-3-7-10-12,0.760759064724
3-7-8-9-12,0.760759064724
3-4-5-7-12,0.760759064724
5-9-10-11-12,0.760759064724
1-2-7-8-10,0.760759064724
1-3-6-7-9,0.760759064724
2-5-6-7-9,0.760759064724
3-5-6-7-9,0.760759064724
1-2-5-7-9,0.760759064724
1-2-3-8-12,0.760759064724
1-6-7-8-9,0.760759064724
1-4-6-7-12,0.760759064724
3-6-8-10-12,0.760759064724
1-4-7-8-9,0.760420196544
2-6-7-10-12,0.760420196544
2-5-6-8-12,0.760420196544
2-5-7-10-12,0.760420196544
1-3-4-7-9,0.760420196544
1-4-8-9-12,0.760420196544
2-4-5-7-12,0.760420196544
3-6-7-8-9,0.760420196544
1-2-8-9-12,0.760420196544
2-7-8-10-12,0.760420196544
1-3-8-10-12,0.760420196544
2-6-7-8-9,0.760420196544
1-2-5-7-12,0.760420196544
1-5-7-10-12,0.760420196544
3-4-7-8-9,0.760420196544
1-2-7-10-12,0.760420196544
4-5-7-10-12,0.760420196544
2-6-8-9-12,0.760420196544
2-3-8-9-12,0.760420196544
3-4-8-9-12,0.760420196544
2-3-7-8-9,0.760420196544
1-2-7-9-10,0.760420196544
3-6-7-10-12,0.760420196544
1-6-8-9-12,0.760420196544
4-6-7-8-9,0.760420196544
3-4-7-8-10,0.760081328363
1-4-7-9-12,0.760081328363
4-5-6-8-9,0.760081328363
2-5-6-7-12,0.760081328363
3-4-6-8-12,0.760081328363
1-4-6-7-9,0.760081328363
4-7-8-10-12,0.760081328363
2-4-8-9-12,0.760081328363
4-5-6-7-9,0.760081328363
1-2-3-7-9,0.760081328363
3-4-7-9-12,0.760081328363
4-5-6-10-11,0.760081328363
1-2-7-9-12,0.760081328363
2-4-7-8-9,0.760081328363
1-4-7-10-12,0.760081328363
1-3-4-8-12,0.760081328363
1-3-7-8-9,0.760081328363
4-5-6-7-12,0.760081328363
3-6-8-9-12,0.760081328363
2-4-7-10-12,0.760081328363
4-6-8-9-12,0.760081328363
2-3-7-9-12,0.760081328363
1-2-4-7-9,0.760081328363
4-5-10-11-12,0.759911894273
1-4-5-7-9,0.759742460183
5-6-9-10-12,0.759742460183
1-3-7-9-12,0.759742460183
1-5-6-8-12,0.759742460183
5-6-10-11-12,0.759742460183
1-6-8-10-12,0.759742460183
5-6-9-10-11,0.759742460183
1-3-5-10-11,0.759742460183
3-5-10-11-12,0.759742460183
5-6-7-9-10,0.759742460183
2-3-4-7-9,0.759742460183
5-7-8-9-10,0.759742460183
1-7-8-10-12,0.759742460183
3-4-5-7-9,0.759742460183
2-5-7-8-9,0.759403592003
3-5-6-7-12,0.759403592003
2-3-7-8-10,0.759403592003
1-2-4-7-10,0.759403592003
5-6-7-10-12,0.759403592003
1-2-4-6-11,0.759403592003
1-2-5-10-11,0.759403592003
3-5-6-8-12,0.759403592003
4-5-6-8-12,0.759403592003
1-4-7-8-10,0.759403592003
1-5-6-8-9,0.759403592003
1-5-10-11-12,0.759403592003
1-2-3-7-10,0.759403592003
5-6-8-9-12,0.759403592003
1-5-9-10-12,0.759064723822
3-5-6-8-9,0.759064723822
2-5-6-10-11,0.759064723822
2-3-4-7-10,0.759064723822
2-3-6-9-11,0.759064723822
4-5-7-8-9,0.759064723822
2-4-5-9-12,0.759064723822
1-3-7-8-10,0.759064723822
3-5-6-10-11,0.759064723822
5-7-8-10-12,0.759064723822
1-5-6-7-12,0.759064723822
1-3-5-7-12,0.759064723822
3-4-5-10-11,0.759064723822
1-4-5-6-12,0.759064723822
2-5-7-8-10,0.759064723822
1-3-5-7-10,0.759064723822
1-3-4-7-10,0.759064723822
2-5-10-11-12,0.758895289732
1-3-4-5-12,0.758725855642
4-5-7-8-10,0.758725855642
2-3-4-5-12,0.758725855642
1-2-3-5-12,0.758725855642
2-4-6-11-12,0.758725855642
2-3-5-7-9,0.758725855642
3-5-7-10-12,0.758725855642
1-4-5-7-12,0.758725855642
1-3-5-6-12,0.758725855642
4-6-9-10-11,0.758725855642
1-5-6-10-11,0.758725855642
3-4-5-6-12,0.758725855642
3-5-6-9-12,0.758725855642
1-2-5-6-12,0.758725855642
1-4-6-9-11,0.758725855642
3-7-8-10-12,0.758725855642
2-3-5-6-12,0.758725855642
2-3-4-6-11,0.758725855642
1-2-4-5-12,0.758725855642
1-4-5-10-11,0.758725855642
2-4-5-6-12,0.758725855642
4-6-9-11-12,0.758725855642
1-4-5-10-12,0.758386987462
1-5-6-9-12,0.758386987462
3-5-6-7-10,0.758386987462
3-5-7-8-9,0.758386987462
3-4-6-9-11,0.758386987462
1-5-7-8-9,0.758386987462
6-7-8-10-12,0.758386987462
2-5-6-7-10,0.758386987462
2-5-6-9-12,0.758386987462
1-2-6-10-11,0.758386987462
1-2-6-9-11,0.758386987462
4-5-6-9-12,0.758386987462
2-4-7-8-10,0.758048119282
4-5-6-7-10,0.758048119282
2-6-7-8-10,0.758048119282
1-5-6-7-10,0.758048119282
1-4-5-9-12,0.758048119282
1-3-5-9-12,0.758048119282
3-6-9-11-12,0.758048119282
1-4-6-7-10,0.758048119282
2-3-6-10-11,0.758048119282
1-2-6-7-10,0.758048119282
1-5-7-8-10,0.758048119282
1-3-6-10-11,0.757878685191
1-3-6-7-10,0.757709251101
1-2-5-10-12,0.757709251101
3-4-6-10-11,0.757709251101
1-3-6-9-11,0.757709251101
2-4-6-9-11,0.757709251101
3-4-5-7-10,0.757709251101
3-4-5-9-12,0.757709251101
1-2-3-6-11,0.757709251101
1-6-7-8-10,0.757709251101
2-5-9-10-12,0.757709251101
1-4-6-10-11,0.757709251101
1-4-5-7-10,0.757709251101
2-3-5-9-12,0.757709251101
3-5-7-8-10,0.757709251101
1-3-5-7-9,0.757370382921
2-3-6-11-12,0.757370382921
1-6-9-11-12,0.757370382921
2-3-5-10-12,0.757370382921
2-4-5-10-12,0.757370382921
2-5-6-10-12,0.757370382921
5-6-8-9-10,0.757370382921
1-3-6-11-12,0.757370382921
2-4-5-7-9,0.757031514741
4-5-6-10-12,0.757031514741
1-5-6-8-10,0.757031514741
1-2-5-7-10,0.757031514741
4-6-7-8-10,0.757031514741
1-3-4-6-11,0.757031514741
2-3-6-7-10,0.757031514741
2-4-5-7-10,0.757031514741
1-3-5-10-12,0.757031514741
3-4-5-10-12,0.757031514741
1-2-5-9-12,0.756862080651
1-5-6-10-12,0.75669264656
2-6-9-10-11,0.75669264656
5-6-7-8-9,0.75669264656
1-2-6-11-12,0.75669264656
3-4-6-7-10,0.75669264656
4-5-9-10-12,0.75669264656
2-4-5-8-9,0.75669264656
2-4-6-10-11,0.75669264656
1-3-6-8-10,0.75669264656
1-6-9-10-11,0.75669264656
3-5-6-10-12,0.75669264656
3-6-7-8-10,0.75669264656
3-6-9-10-11,0.75669264656
2-4-6-7-10,0.75635377838
2-6-8-9-10,0.75635377838
3-6-8-9-10,0.75635377838
2-6-9-11-12,0.75635377838
6-9-10-11-12,0.75635377838
1-6-8-9-10,0.75635377838
2-4-5-8-10,0.7560149102
4-6-8-9-10,0.7560149102
2-5-8-9-10,0.7560149102
2-4-6-8-10,0.7560149102
2-3-5-7-10,0.7560149102
1-3-5-8-10,0.75567604202
1-4-6-11-12,0.75567604202
3-5-9-10-12,0.75567604202
1-6-10-11-12,0.75567604202
5-6-7-8-10,0.75567604202
3-6-10-11-12,0.75567604202
1-4-5-8-9,0.755337173839
1-2-5-8-9,0.755337173839
1-4-6-8-9,0.755337173839
3-5-8-9-10,0.755337173839
3-6-9-10-12,0.755337173839
3-5-6-8-10,0.755337173839
2-6-10-11-12,0.755337173839
1-2-6-8-9,0.755337173839
1-3-6-8-9,0.754998305659
3-4-5-8-9,0.754998305659
1-5-8-9-10,0.754998305659
2-3-4-6-12,0.754998305659
1-2-6-8-10,0.754998305659
2-4-6-8-9,0.754998305659
2-3-5-8-9,0.754998305659
4-6-10-11-12,0.754998305659
2-3-6-8-10,0.754998305659
1-3-5-8-9,0.754998305659
3-4-6-11-12,0.754998305659
2-5-6-8-10,0.754659437479
1-6-9-10-12,0.754659437479
1-4-5-8-10,0.754659437479
4-5-8-9-10,0.754659437479
2-4-8-9-10,0.754659437479
1-2-4-8-9,0.754659437479
1-2-4-6-12,0.754320569299
2-3-5-8-10,0.754320569299
1-2-3-8-9,0.754320569299
1-3-6-9-12,0.754320569299
1-2-8-9-10,0.754320569299
2-3-4-8-9,0.754320569299
2-3-6-8-9,0.754320569299
1-2-3-8-10,0.754320569299
3-4-6-8-10,0.754320569299
4-5-6-8-10,0.753981701118
2-3-8-9-10,0.753981701118
3-4-6-8-9,0.753981701118
1-4-6-8-10,0.753981701118
3-4-5-8-10,0.753981701118
1-3-4-6-12,0.753981701118
1-2-3-6-12,0.753981701118
1-3-6-10-12,0.753642832938
1-4-8-9-10,0.753642832938
4-6-9-10-12,0.753642832938
1-3-4-8-9,0.753303964758
2-6-9-10-12,0.753303964758
1-2-5-8-10,0.752965096577
3-4-8-9-10,0.752626228397
2-3-6-10-12,0.752626228397
1-3-8-9-10,0.752626228397
1-4-6-10-12,0.752626228397
1-3-4-8-10,0.752626228397
2-4-6-9-12,0.752626228397
3-4-6-10-12,0.752626228397
2-3-4-8-10,0.752456794307
1-4-6-9-12,0.752287360217
1-2-4-8-10,0.752287360217
1-2-6-10-12,0.752287360217
2-4-6-10-12,0.751609623856
2-3-6-9-12,0.751270755676
3-4-6-9-12,0.750593019315
1-2-6-9-12,0.750254151135
1-3-5-6-10,0.746187732972
2-3-5-6-10,0.746187732972
2-4-5-6-10,0.745509996611
1-4-5-6-10,0.745509996611
1-2-5-6-10,0.745509996611
1-5-6-9-10,0.745171128431
3-4-5-6-10,0.74449339207
1-2-3-5-10,0.74449339207
1-3-5-9-10,0.74415452389
2-3-5-9-10,0.74415452389
1-3-4-5-9,0.74415452389
1-3-4-5-10,0.74415452389
1-4-5-6-9,0.74415452389
1-2-4-5-9,0.74381565571
2-4-5-9-10,0.74381565571
1-2-5-9-10,0.74381565571
1-2-3-5-9,0.74381565571
1-4-5-9-10,0.74381565571
1-3-5-6-9,0.74364622162
1-2-4-5-10,0.74347678753
2-3-4-5-10,0.74347678753
3-5-6-9-10,0.74347678753
2-5-6-9-10,0.74347678753
1-2-5-6-9,0.74347678753
3-4-5-9-10,0.74347678753
2-3-4-5-9,0.74347678753
2-4-5-6-9,0.74347678753
4-5-6-9-10,0.74347678753
2-3-5-6-9,0.743137919349
3-4-5-6-9,0.743137919349
1-2-3-6-10,0.742799051169
1-3-4-6-10,0.742460182989
1-2-4-6-10,0.742121314809
2-4-6-9-10,0.741782446628
2-3-4-6-10,0.741104710268
1-2-6-9-10,0.740765842087
3-4-6-9-10,0.740765842087
2-3-6-9-10,0.740426973907
1-4-6-9-10,0.740088105727
1-2-3-6-9,0.739749237547
1-3-4-6-9,0.739749237547
1-2-4-6-9,0.739410369366
2-3-4-6-9,0.739410369366
1-3-6-9-10,0.739240935276
2-4-5-6-8,0.723483564893
1-2-5-6-8,0.723483564893
2-4-5-7-8,0.723144696713
1-2-3-5-8,0.723144696713
2-4-5-6-7,0.722805828533
1-2-5-7-8,0.722805828533
2-3-5-6-7,0.722805828533
1-4-5-7-8,0.722805828533
1-3-4-5-8,0.722805828533
2-3-5-7-8,0.722466960352
1-2-5-6-7,0.722466960352
1-3-4-5-6,0.722128092172
4-5-6-7-8,0.722128092172
1-5-6-7-8,0.721789223992
2-3-4-5-7,0.721789223992
3-4-5-7-8,0.721789223992
1-4-5-6-7,0.721789223992
1-4-5-6-8,0.721789223992
1-2-4-5-8,0.721789223992
2-3-4-5-8,0.721789223992
2-5-6-7-8,0.721450355812
1-2-4-5-7,0.721450355812
2-4-6-7-8,0.721450355812
1-2-3-5-6,0.721450355812
1-3-5-6-8,0.721111487631
1-2-3-4-5,0.721111487631
1-3-4-5-7,0.721111487631
3-5-6-7-8,0.720772619451
3-4-5-6-7,0.720772619451
2-3-5-6-8,0.720772619451
1-4-6-7-8,0.720433751271
1-2-6-7-8,0.720433751271
1-3-5-6-7,0.720433751271
1-2-3-5-7,0.72009488309
3-4-5-6-8,0.72009488309
1-2-4-5-6,0.71975601491
1-3-5-7-8,0.71975601491
2-3-4-6-7,0.71975601491
1-3-6-7-8,0.71907827855
1-2-4-6-7,0.71907827855
1-2-3-6-8,0.71907827855
2-3-4-5-6,0.71907827855
1-3-4-6-8,0.71907827855
1-3-4-6-7,0.718739410369
2-3-6-7-8,0.718739410369
1-2-3-6-7,0.718739410369
3-4-6-7-8,0.718400542189
2-3-4-6-8,0.717383937648
1-2-4-6-8,0.717383937648
1-3-4-7-8,0.717045069468
1-2-3-7-8,0.716028464927
2-3-4-7-8,0.715011860386
1-2-3-4-6,0.714672992206
1-2-4-7-8,0.714672992206
1-2-3-4-7,0.714672992206
1-2-3-4-8,0.709251101322
2-4-9-10-11,0.698407319553
2-4-9-11-12,0.698407319553
2-4-9-10-12,0.697899017282
1-3-4-9-11,0.697729583192
2-9-10-11-12,0.697051846832
1-3-4-10-11,0.697051846832
1-2-3-9-11,0.696712978651
2-3-4-9-11,0.696374110471
2-3-9-10-11,0.696035242291
1-3-9-10-11,0.69569637411
2-4-10-11-12,0.69535750593
1-3-9-11-12,0.69535750593
1-2-3-10-11,0.69501863775
4-9-10-11-12,0.69467976957
2-3-4-10-11,0.69467976957
1-4-9-10-11,0.69467976957
2-3-4-9-12,0.69467976957
1-2-9-10-11,0.69467976957
1-2-4-9-11,0.69467976957
1-2-4-10-11,0.694340901389
2-3-9-10-12,0.694340901389
2-3-9-11-12,0.694002033209
1-2-3-4-11,0.694002033209
1-2-3-9-12,0.694002033209
1-3-10-11-12,0.694002033209
1-3-9-10-12,0.694002033209
1-3-4-10-12,0.693663165029
1-2-3-10-12,0.693663165029
1-3-4-9-12,0.693663165029
2-3-4-10-12,0.693663165029
2-3-10-11-12,0.692985428668
1-2-4-9-12,0.692985428668
1-2-4-10-12,0.692985428668
1-2-9-11-12,0.692985428668
1-2-10-11-12,0.692646560488
1-2-9-10-12,0.691629955947
1-3-4-11-12,0.691629955947
1-2-3-11-12,0.691291087767
1-4-10-11-12,0.691291087767
1-4-9-11-12,0.691291087767
1-2-4-11-12,0.690952219587
1-9-10-11-12,0.690613351406
2-3-4-11-12,0.690613351406
1-4-9-10-12,0.690274483226
3-4-9-10-11,0.689935615046
3-4-9-10-12,0.689596746865
1-2-3-4-12,0.688580142325
3-4-10-11-12,0.688580142325
3-4-9-11-12,0.688241274144
3-9-10-11-12,0.686885801423
1-3-4-9-10,0.679769569637
1-2-3-9-10,0.679430701457
1-2-3-4-9,0.679430701457
1-2-4-9-10,0.679091833277
1-2-3-4-10,0.678075228736
2-3-4-9-10,0.678075228736
